#
# A fatal error has been detected by the Java Runtime Environment:
#
#  SIGSEGV (0xb) at pc=0xb4f7769d, pid=6966, tid=2980436800
#
# JRE version: OpenJDK Runtime Environment (7.0_95) (build 1.7.0_95-b00)
# Java VM: OpenJDK Client VM (24.95-b01 mixed mode, sharing linux-x86 )
# Derivative: IcedTea 2.6.4
# Distribution: Ubuntu 14.04.3 LTS, package 7u95-2.6.4-0ubuntu0.14.04.1
# Problematic frame:
# V  [libjvm.so+0x2aa69d]
#
# Failed to write core dump. Core dumps have been disabled. To enable core dumping, try "ulimit -c unlimited" before starting Java again
#
# If you would like to submit a bug report, please include
# instructions on how to reproduce the bug and visit:
#   http://icedtea.classpath.org/bugzilla
#

---------------  T H R E A D  ---------------

Current thread (0x0a7f7c00):  JavaThread "Worker-2" [_thread_in_vm_trans, id=7003, stack(0xb1a0d000,0xb1a5e000)]

siginfo:si_signo=SIGSEGV: si_errno=0, si_code=-6 ((null)), si_addr=0x00001b36

Registers:
EAX=0xb7309f80, EBX=0xb5315000, ECX=0x00000002, EDX=0xb532a3ec
ESP=0xb1a5cedc, EBP=0x0a7f7c00, ESI=0x0a7f7c00, EDI=0xb1a5cf44
EIP=0xb4f7769d, EFLAGS=0x00210282, CR2=0xb7309f80

Top of Stack: (sp=0xb1a5cedc)
0xb1a5cedc:   82c44430 b2c84ba4 00000001 b4f77608
0xb1a5ceec:   b5315000 b1b1b7b0 00000000 b4f73c31
0xb1a5cefc:   b1a5cf44 b1b1b7b0 00000000 00000008
0xb1a5cf0c:   000000b9 0a7f7c00 83234098 00000000
0xb1a5cf1c:   000000b9 b1b1b798 b1b1b79c 0a802100
0xb1a5cf2c:   0a274268 01000003 0a274654 000003ec
0xb1a5cf3c:   b1a5cf70 83237ca8 0a7f7c00 b1a5cfa8
0xb1a5cf4c:   b2c84ba4 b2c76908 00000000 b1a5cfcc 

Instructions: (pc=0xb4f7769d)
0xb4f7767d:   c4 10 5b 5e 5f c3 90 8d 74 26 00 8d 93 e8 53 01
0xb4f7768d:   00 89 f0 c1 e8 03 23 02 8d 93 ec 53 01 00 03 02
0xb4f7769d:   c7 00 01 00 00 00 eb 97 8d 76 00 c7 44 24 04 01
0xb4f776ad:   00 00 00 89 04 24 e8 18 3b 20 00 83 c4 10 5b 5e 

Register to memory mapping:

EAX=0xb7309f80 is an unknown value
EBX=0xb5315000: <offset 0x648000> in /usr/lib/jvm/java-7-openjdk-i386/jre/bin/../lib/i386/client/libjvm.so at 0xb4ccd000
ECX=0x00000002 is an unknown value
EDX=0xb532a3ec: <offset 0x65d3ec> in /usr/lib/jvm/java-7-openjdk-i386/jre/bin/../lib/i386/client/libjvm.so at 0xb4ccd000
ESP=0xb1a5cedc is pointing into the stack for thread: 0x0a7f7c00
EBP=0x0a7f7c00 is a thread
ESI=0x0a7f7c00 is a thread
EDI=0xb1a5cf44 is pointing into the stack for thread: 0x0a7f7c00


Stack: [0xb1a0d000,0xb1a5e000],  sp=0xb1a5cedc,  free space=319k
Native frames: (J=compiled Java code, j=interpreted, Vv=VM code, C=native code)
V  [libjvm.so+0x2aa69d]

Java frames: (J=compiled Java code, j=interpreted, Vv=VM code)
j  org.eclipse.ui.internal.Workbench$63.run(Lorg/eclipse/core/runtime/IProgressMonitor;)Lorg/eclipse/core/runtime/IStatus;+38
j  org.eclipse.core.internal.jobs.Worker.run()V+31
v  ~StubRoutines::call_stub

---------------  P R O C E S S  ---------------

Java Threads: ( => current thread )
  0x0adb4c00 JavaThread "Worker-5" [_thread_in_vm, id=7051, stack(0xb16dc000,0xb172d000)]
  0x0a858800 JavaThread "Worker-4" [_thread_blocked_trans, id=7050, stack(0xb1607000,0xb1658000)]
  0x0a286c00 JavaThread "Worker-3" [_thread_blocked, id=7049, stack(0xb1658000,0xb16a9000)]
=>0x0a7f7c00 JavaThread "Worker-2" [_thread_in_vm_trans, id=7003, stack(0xb1a0d000,0xb1a5e000)]
  0x0a712000 JavaThread "Worker-1" [_thread_blocked, id=7001, stack(0xb1a5e000,0xb1aaf000)]
  0x0a6f5400 JavaThread "Provisioning Event Dispatcher" daemon [_thread_blocked, id=7000, stack(0xb1aaf000,0xb1b00000)]
  0x0a6d6800 JavaThread "Worker-0" [_thread_blocked, id=6999, stack(0xb1c11000,0xb1c62000)]
  0x0a65e800 JavaThread "Worker-JM" [_thread_blocked, id=6998, stack(0xb1d13000,0xb1d64000)]
  0x0a509000 JavaThread "[Timer] - Main Queue Handler" daemon [_thread_blocked, id=6997, stack(0xb1cc2000,0xb1d13000)]
  0x0a4b6800 JavaThread "Bundle File Closer" daemon [_thread_blocked, id=6994, stack(0xb1e6c000,0xb1ebd000)]
  0x0a0a9400 JavaThread "Start Level Event Dispatcher" daemon [_thread_blocked, id=6993, stack(0xb213c000,0xb218d000)]
  0x0a098800 JavaThread "Framework Event Dispatcher" daemon [_thread_blocked, id=6991, stack(0xb218d000,0xb21de000)]
  0x0a09b400 JavaThread "State Saver" [_thread_blocked, id=6990, stack(0xb21de000,0xb222f000)]
  0x0a06d000 JavaThread "Framework Active Thread" [_thread_blocked, id=6989, stack(0xb222f000,0xb2280000)]
  0x09f82000 JavaThread "Service Thread" daemon [_thread_blocked, id=6987, stack(0xb232e000,0xb237f000)]
  0x09f80400 JavaThread "C1 CompilerThread0" daemon [_thread_blocked, id=6986, stack(0xb237f000,0xb2400000)]
  0x09f7e800 JavaThread "Signal Dispatcher" daemon [_thread_blocked, id=6985, stack(0xb250d000,0xb255e000)]
  0x09f69400 JavaThread "Finalizer" daemon [_thread_blocked, id=6984, stack(0xb255e000,0xb25af000)]
  0x09f67c00 JavaThread "Reference Handler" daemon [_thread_blocked, id=6983, stack(0xb25af000,0xb2600000)]
  0x09f3d800 JavaThread "main" [_thread_in_native, id=6966, stack(0xbfd47000,0xbfd97000)]

Other Threads:
  0x09f66400 VMThread [stack: 0xb272a000,0xb27ab000] [id=6982]
  0x09f84800 WatcherThread [stack: 0xb22ad000,0xb232e000] [id=6988]

VM state:synchronizing (normal execution)

VM Mutex/Monitor currently owned by a thread:  ([mutex/lock_event])
[0x09f3b0d8] Safepoint_lock - owner thread: 0x09f66400
[0x09f3b140] Threads_lock - owner thread: 0x09f66400

Heap
 def new generation   total 12416K, used 2210K [0x6a800000, 0x6b570000, 0x72800000)
  eden space 11072K,   7% used [0x6a800000, 0x6a8d8b30, 0x6b2d0000)
  from space 1344K, 100% used [0x6b420000, 0x6b570000, 0x6b570000)
  to   space 1344K,   0% used [0x6b2d0000, 0x6b2d0000, 0x6b420000)
 tenured generation   total 27328K, used 13687K [0x72800000, 0x742b0000, 0x82800000)
   the space 27328K,  50% used [0x72800000, 0x7355dc70, 0x7355de00, 0x742b0000)
 compacting perm gen  total 18944K, used 18792K [0x82800000, 0x83a80000, 0x92800000)
   the space 18944K,  99% used [0x82800000, 0x83a5a3b8, 0x83a5a400, 0x83a80000)
    ro space 10240K,  58% used [0x92800000, 0x92de45f8, 0x92de4600, 0x93200000)
    rw space 12288K,  59% used [0x93200000, 0x9391cb30, 0x9391cc00, 0x93e00000)

Card table byte_map: [0xb2aa8000,0xb2bf4000] byte_map_base: 0xb2754000

Polling page: 0xb7320000

Code Cache  [0xb2c74000, 0xb2fa4000, 0xb4c74000)
 total_blobs=1598 nmethods=1413 adapters=121 free_code_cache=29526Kb largest_free_block=30233152

Compilation events (10 events):
Event: 14.474 Thread 0x09f80400 1459             org.eclipse.core.runtime.internal.adaptor.EclipseStorageHook::getLazyStartExcludes (5 bytes)
Event: 14.474 Thread 0x09f80400 nmethod 1459 0xb2f9ce08 code [0xb2f9cf00, 0xb2f9cf80]
Event: 14.475 Thread 0x09f80400 1460             org.eclipse.core.runtime.internal.adaptor.EclipseStorageHook::getLazyStartIncludes (5 bytes)
Event: 14.475 Thread 0x09f80400 nmethod 1460 0xb2f9cfc8 code [0xb2f9d0c0, 0xb2f9d140]
Event: 16.309 Thread 0x09f80400 1462             java.lang.ThreadLocal$ThreadLocalMap::set (136 bytes)
Event: 16.311 Thread 0x09f80400 nmethod 1462 0xb2f9d448 code [0xb2f9d5a0, 0xb2f9d8cc]
Event: 16.311 Thread 0x09f80400 1463             org.eclipse.osgi.framework.eventmgr.ListenerQueue::<init> (38 bytes)
Event: 16.311 Thread 0x09f80400 nmethod 1463 0xb2f9dc88 code [0xb2f9dda0, 0xb2f9df0c]
Event: 16.397 Thread 0x09f80400 1464             org.osgi.service.event.Event::validateTopicName (209 bytes)
Event: 16.398 Thread 0x09f80400 nmethod 1464 0xb2f9dfc8 code [0xb2f9e200, 0xb2f9e808]

GC Heap History (10 events):
Event: 8.555 GC heap before
{Heap before GC invocations=10 (full 0):
 def new generation   total 12288K, used 12288K [0x6a800000, 0x6b550000, 0x72800000)
  eden space 10944K, 100% used [0x6a800000, 0x6b2b0000, 0x6b2b0000)
  from space 1344K, 100% used [0x6b2b0000, 0x6b400000, 0x6b400000)
  to   space 1344K,   0% used [0x6b400000, 0x6b400000, 0x6b550000)
 tenured generation   total 27328K, used 13623K [0x72800000, 0x742b0000, 0x82800000)
   the space 27328K,  49% used [0x72800000, 0x7354de98, 0x7354e000, 0x742b0000)
 compacting perm gen  total 12288K, used 10629K [0x82800000, 0x83400000, 0x92800000)
   the space 12288K,  86% used [0x82800000, 0x83261710, 0x83261800, 0x83400000)
    ro space 10240K,  58% used [0x92800000, 0x92de45f8, 0x92de4600, 0x93200000)
    rw space 12288K,  59% used [0x93200000, 0x9391cb30, 0x9391cc00, 0x93e00000)
Event: 8.583 GC heap after
Heap after GC invocations=11 (full 0):
 def new generation   total 12288K, used 1344K [0x6a800000, 0x6b550000, 0x72800000)
  eden space 10944K,   0% used [0x6a800000, 0x6a800000, 0x6b2b0000)
  from space 1344K, 100% used [0x6b400000, 0x6b550000, 0x6b550000)
  to   space 1344K,   0% used [0x6b2b0000, 0x6b2b0000, 0x6b400000)
 tenured generation   total 27328K, used 16564K [0x72800000, 0x742b0000, 0x82800000)
   the space 27328K,  60% used [0x72800000, 0x7382d080, 0x7382d200, 0x742b0000)
 compacting perm gen  total 12288K, used 10629K [0x82800000, 0x83400000, 0x92800000)
   the space 12288K,  86% used [0x82800000, 0x83261710, 0x83261800, 0x83400000)
    ro space 10240K,  58% used [0x92800000, 0x92de45f8, 0x92de4600, 0x93200000)
    rw space 12288K,  59% used [0x93200000, 0x9391cb30, 0x9391cc00, 0x93e00000)
}
Event: 9.437 GC heap before
{Heap before GC invocations=11 (full 0):
 def new generation   total 12288K, used 12288K [0x6a800000, 0x6b550000, 0x72800000)
  eden space 10944K, 100% used [0x6a800000, 0x6b2b0000, 0x6b2b0000)
  from space 1344K, 100% used [0x6b400000, 0x6b550000, 0x6b550000)
  to   space 1344K,   0% used [0x6b2b0000, 0x6b2b0000, 0x6b400000)
 tenured generation   total 27328K, used 16564K [0x72800000, 0x742b0000, 0x82800000)
   the space 27328K,  60% used [0x72800000, 0x7382d080, 0x7382d200, 0x742b0000)
 compacting perm gen  total 13056K, used 12810K [0x82800000, 0x834c0000, 0x92800000)
   the space 13056K,  98% used [0x82800000, 0x83482948, 0x83482a00, 0x834c0000)
    ro space 10240K,  58% used [0x92800000, 0x92de45f8, 0x92de4600, 0x93200000)
    rw space 12288K,  59% used [0x93200000, 0x9391cb30, 0x9391cc00, 0x93e00000)
Event: 9.456 GC heap after
Heap after GC invocations=12 (full 0):
 def new generation   total 12288K, used 1344K [0x6a800000, 0x6b550000, 0x72800000)
  eden space 10944K,   0% used [0x6a800000, 0x6a800000, 0x6b2b0000)
  from space 1344K, 100% used [0x6b2b0000, 0x6b400000, 0x6b400000)
  to   space 1344K,   0% used [0x6b400000, 0x6b400000, 0x6b550000)
 tenured generation   total 27328K, used 20023K [0x72800000, 0x742b0000, 0x82800000)
   the space 27328K,  73% used [0x72800000, 0x73b8dc18, 0x73b8de00, 0x742b0000)
 compacting perm gen  total 13056K, used 12810K [0x82800000, 0x834c0000, 0x92800000)
   the space 13056K,  98% used [0x82800000, 0x83482948, 0x83482a00, 0x834c0000)
    ro space 10240K,  58% used [0x92800000, 0x92de45f8, 0x92de4600, 0x93200000)
    rw space 12288K,  59% used [0x93200000, 0x9391cb30, 0x9391cc00, 0x93e00000)
}
Event: 10.282 GC heap before
{Heap before GC invocations=12 (full 0):
 def new generation   total 12288K, used 12285K [0x6a800000, 0x6b550000, 0x72800000)
  eden space 10944K,  99% used [0x6a800000, 0x6b2af518, 0x6b2b0000)
  from space 1344K, 100% used [0x6b2b0000, 0x6b400000, 0x6b400000)
  to   space 1344K,   0% used [0x6b400000, 0x6b400000, 0x6b550000)
 tenured generation   total 27328K, used 20023K [0x72800000, 0x742b0000, 0x82800000)
   the space 27328K,  73% used [0x72800000, 0x73b8dc18, 0x73b8de00, 0x742b0000)
 compacting perm gen  total 15872K, used 15686K [0x82800000, 0x83780000, 0x92800000)
   the space 15872K,  98% used [0x82800000, 0x83751a98, 0x83751c00, 0x83780000)
    ro space 10240K,  58% used [0x92800000, 0x92de45f8, 0x92de4600, 0x93200000)
    rw space 12288K,  59% used [0x93200000, 0x9391cb30, 0x9391cc00, 0x93e00000)
Event: 10.302 GC heap after
Heap after GC invocations=13 (full 0):
 def new generation   total 12288K, used 1344K [0x6a800000, 0x6b550000, 0x72800000)
  eden space 10944K,   0% used [0x6a800000, 0x6a800000, 0x6b2b0000)
  from space 1344K, 100% used [0x6b400000, 0x6b550000, 0x6b550000)
  to   space 1344K,   0% used [0x6b2b0000, 0x6b2b0000, 0x6b400000)
 tenured generation   total 27328K, used 23745K [0x72800000, 0x742b0000, 0x82800000)
   the space 27328K,  86% used [0x72800000, 0x73f304a0, 0x73f30600, 0x742b0000)
 compacting perm gen  total 15872K, used 15686K [0x82800000, 0x83780000, 0x92800000)
   the space 15872K,  98% used [0x82800000, 0x83751a98, 0x83751c00, 0x83780000)
    ro space 10240K,  58% used [0x92800000, 0x92de45f8, 0x92de4600, 0x93200000)
    rw space 12288K,  59% used [0x93200000, 0x9391cb30, 0x9391cc00, 0x93e00000)
}
Event: 10.491 GC heap before
{Heap before GC invocations=13 (full 0):
 def new generation   total 12288K, used 4641K [0x6a800000, 0x6b550000, 0x72800000)
  eden space 10944K,  30% used [0x6a800000, 0x6ab38470, 0x6b2b0000)
  from space 1344K, 100% used [0x6b400000, 0x6b550000, 0x6b550000)
  to   space 1344K,   0% used [0x6b2b0000, 0x6b2b0000, 0x6b400000)
 tenured generation   total 27328K, used 23745K [0x72800000, 0x742b0000, 0x82800000)
   the space 27328K,  86% used [0x72800000, 0x73f304a0, 0x73f30600, 0x742b0000)
 compacting perm gen  total 16384K, used 16383K [0x82800000, 0x83800000, 0x92800000)
   the space 16384K,  99% used [0x82800000, 0x837fffe0, 0x83800000, 0x83800000)
    ro space 10240K,  58% used [0x92800000, 0x92de45f8, 0x92de4600, 0x93200000)
    rw space 12288K,  59% used [0x93200000, 0x9391cb30, 0x9391cc00, 0x93e00000)
Event: 10.654 GC heap after
Heap after GC invocations=14 (full 1):
 def new generation   total 12416K, used 0K [0x6a800000, 0x6b570000, 0x72800000)
  eden space 11072K,   0% used [0x6a800000, 0x6a800000, 0x6b2d0000)
  from space 1344K,   0% used [0x6b2d0000, 0x6b2d0000, 0x6b420000)
  to   space 1344K,   0% used [0x6b420000, 0x6b420000, 0x6b570000)
 tenured generation   total 27328K, used 11468K [0x72800000, 0x742b0000, 0x82800000)
   the space 27328K,  41% used [0x72800000, 0x73333338, 0x73333400, 0x742b0000)
 compacting perm gen  total 16384K, used 16383K [0x82800000, 0x83800000, 0x92800000)
   the space 16384K,  99% used [0x82800000, 0x837fffe0, 0x83800000, 0x83800000)
    ro space 10240K,  58% used [0x92800000, 0x92de45f8, 0x92de4600, 0x93200000)
    rw space 12288K,  59% used [0x93200000, 0x9391cb30, 0x9391cc00, 0x93e00000)
}
Event: 16.293 GC heap before
{Heap before GC invocations=14 (full 1):
 def new generation   total 12416K, used 11072K [0x6a800000, 0x6b570000, 0x72800000)
  eden space 11072K, 100% used [0x6a800000, 0x6b2d0000, 0x6b2d0000)
  from space 1344K,   0% used [0x6b2d0000, 0x6b2d0000, 0x6b420000)
  to   space 1344K,   0% used [0x6b420000, 0x6b420000, 0x6b570000)
 tenured generation   total 27328K, used 11468K [0x72800000, 0x742b0000, 0x82800000)
   the space 27328K,  41% used [0x72800000, 0x73333338, 0x73333400, 0x742b0000)
 compacting perm gen  total 18688K, used 18629K [0x82800000, 0x83a40000, 0x92800000)
   the space 18688K,  99% used [0x82800000, 0x83a31480, 0x83a31600, 0x83a40000)
    ro space 10240K,  58% used [0x92800000, 0x92de45f8, 0x92de4600, 0x93200000)
    rw space 12288K,  59% used [0x93200000, 0x9391cb30, 0x9391cc00, 0x93e00000)
Event: 16.307 GC heap after
Heap after GC invocations=15 (full 1):
 def new generation   total 12416K, used 1344K [0x6a800000, 0x6b570000, 0x72800000)
  eden space 11072K,   0% used [0x6a800000, 0x6a800000, 0x6b2d0000)
  from space 1344K, 100% used [0x6b420000, 0x6b570000, 0x6b570000)
  to   space 1344K,   0% used [0x6b2d0000, 0x6b2d0000, 0x6b420000)
 tenured generation   total 27328K, used 13687K [0x72800000, 0x742b0000, 0x82800000)
   the space 27328K,  50% used [0x72800000, 0x7355dc70, 0x7355de00, 0x742b0000)
 compacting perm gen  total 18688K, used 18629K [0x82800000, 0x83a40000, 0x92800000)
   the space 18688K,  99% used [0x82800000, 0x83a31480, 0x83a31600, 0x83a40000)
    ro space 10240K,  58% used [0x92800000, 0x92de45f8, 0x92de4600, 0x93200000)
    rw space 12288K,  59% used [0x93200000, 0x9391cb30, 0x9391cc00, 0x93e00000)
}

Deoptimization events (0 events):
No events

Internal exceptions (10 events):
Event: 14.120 Thread 0x09f3d800 Threw 0x6b2a2d40 at /build/openjdk-7-EUuUjL/openjdk-7-7u95-2.6.4/build/openjdk/hotspot/src/share/vm/prims/jvm.cpp:1322
Event: 14.120 Thread 0x09f3d800 Threw 0x6b2a3560 at /build/openjdk-7-EUuUjL/openjdk-7-7u95-2.6.4/build/openjdk/hotspot/src/share/vm/prims/jvm.cpp:1322
Event: 15.677 Thread 0x09f3d800 Threw 0x6b2bef48 at /build/openjdk-7-EUuUjL/openjdk-7-7u95-2.6.4/build/openjdk/hotspot/src/share/vm/prims/jvm.cpp:1322
Event: 15.677 Thread 0x09f3d800 Threw 0x6b2bf410 at /build/openjdk-7-EUuUjL/openjdk-7-7u95-2.6.4/build/openjdk/hotspot/src/share/vm/classfile/systemDictionary.cpp:185
Event: 15.678 Thread 0x09f3d800 Threw 0x6b2c01e0 at /build/openjdk-7-EUuUjL/openjdk-7-7u95-2.6.4/build/openjdk/hotspot/src/share/vm/prims/jvm.cpp:1322
Event: 15.678 Thread 0x09f3d800 Threw 0x6b2c0810 at /build/openjdk-7-EUuUjL/openjdk-7-7u95-2.6.4/build/openjdk/hotspot/src/share/vm/prims/jvm.cpp:1322
Event: 16.314 Thread 0x09f3d800 Threw 0x6a816bb8 at /build/openjdk-7-EUuUjL/openjdk-7-7u95-2.6.4/build/openjdk/hotspot/src/share/vm/prims/jni.cpp:721
Event: 16.323 Thread 0x09f3d800 Threw 0x6a83a180 at /build/openjdk-7-EUuUjL/openjdk-7-7u95-2.6.4/build/openjdk/hotspot/src/share/vm/prims/jni.cpp:721
Event: 16.323 Thread 0x09f3d800 Threw 0x6a83bc48 at /build/openjdk-7-EUuUjL/openjdk-7-7u95-2.6.4/build/openjdk/hotspot/src/share/vm/prims/jni.cpp:721
Event: 16.390 Thread 0x09f3d800 Threw 0x6a869678 at /build/openjdk-7-EUuUjL/openjdk-7-7u95-2.6.4/build/openjdk/hotspot/src/share/vm/prims/jni.cpp:721

Events (10 events):
Event: 16.404 Executing VM operation: RevokeBias done
Event: 16.404 Executing VM operation: RevokeBias
Event: 16.404 Executing VM operation: RevokeBias done
Event: 16.418 Executing VM operation: RevokeBias
Event: 16.420 Thread 0x0a858800 Thread added: 0x0a858800
Event: 16.420 Executing VM operation: RevokeBias done
Event: 16.420 Executing VM operation: RevokeBias
Event: 16.420 Thread 0x0adb4c00 Thread added: 0x0adb4c00
Event: 16.424 Executing VM operation: RevokeBias done
Event: 16.425 Executing VM operation: RevokeBias


Dynamic libraries:
08048000-0804c000 r-xp 00000000 08:01 14813844   /usr/lib/eclipse/eclipse
0804c000-0804d000 r--p 00003000 08:01 14813844   /usr/lib/eclipse/eclipse
0804d000-0804e000 rw-p 00004000 08:01 14813844   /usr/lib/eclipse/eclipse
09e78000-0add9000 rw-p 00000000 00:00 0          [heap]
6a800000-6b570000 rw-p 00000000 00:00 0 
6b570000-72800000 rw-p 00000000 00:00 0 
72800000-742b0000 rw-p 00000000 00:00 0 
742b0000-82800000 rw-p 00000000 00:00 0 
82800000-83a80000 rw-p 00000000 00:00 0 
83a80000-92800000 rw-p 00000000 00:00 0 
92800000-92de5000 r--p 00001000 08:01 14813791   /usr/lib/jvm/java-7-openjdk-i386/jre/lib/i386/client/classes.jsa
92de5000-93200000 rw-p 00000000 00:00 0 
93200000-9391d000 rw-p 005e6000 08:01 14813791   /usr/lib/jvm/java-7-openjdk-i386/jre/lib/i386/client/classes.jsa
9391d000-93e00000 rw-p 00000000 00:00 0 
93e00000-94114000 rw-p 00d03000 08:01 14813791   /usr/lib/jvm/java-7-openjdk-i386/jre/lib/i386/client/classes.jsa
94114000-94200000 rw-p 00000000 00:00 0 
94200000-94209000 r-xp 01017000 08:01 14813791   /usr/lib/jvm/java-7-openjdk-i386/jre/lib/i386/client/classes.jsa
94209000-94600000 rw-p 00000000 00:00 0 
9ab4d000-9ab4e000 ---p 00000000 00:00 0 
9ab4e000-9b34e000 rwxp 00000000 00:00 0          [stack:7048]
9b34e000-9b34f000 ---p 00000000 00:00 0 
9b34f000-9bb4f000 rwxp 00000000 00:00 0          [stack:7047]
9bb4f000-9bb50000 ---p 00000000 00:00 0 
9bb50000-9c350000 rwxp 00000000 00:00 0          [stack:7046]
9c350000-9c351000 ---p 00000000 00:00 0 
9c351000-9cb51000 rwxp 00000000 00:00 0          [stack:7045]
9cb51000-9cb52000 ---p 00000000 00:00 0 
9cb52000-9d352000 rwxp 00000000 00:00 0          [stack:7044]
9d352000-9d353000 ---p 00000000 00:00 0 
9d353000-9db53000 rwxp 00000000 00:00 0          [stack:7043]
9dbd3000-9dc33000 rw-s 00000000 00:04 12288024   /SYSV00000000 (deleted)
9dc33000-9dc40000 ---p 00000000 00:00 0 
9dc40000-9dc50000 rw-p 00000000 00:00 0 
9dc50000-9dc60000 ---p 00000000 00:00 0 
9dc60000-9dc70000 rw-p 00000000 00:00 0 
9dc70000-9dc80000 ---p 00000000 00:00 0 
9dc80000-9dca0000 rw-p 00000000 00:00 0 
9dca0000-9dcb0000 ---p 00000000 00:00 0 
9dcb0000-9dcc0000 rw-p 00000000 00:00 0 
9dcc0000-9dcd0000 ---p 00000000 00:00 0 
9dcd0000-9dce0000 rw-p 00000000 00:00 0 
9dce0000-9dcf0000 ---p 00000000 00:00 0 
9dcf0000-9dd00000 rw-p 00000000 00:00 0 
9dd00000-9dd10000 ---p 00000000 00:00 0 
9dd10000-9dd20000 rw-p 00000000 00:00 0 
9dd20000-9dd30000 ---p 00000000 00:00 0 
9dd30000-9dd40000 rw-p 00000000 00:00 0 
9dd40000-9dd50000 ---p 00000000 00:00 0 
9dd50000-9dd60000 rw-p 00000000 00:00 0 
9dd60000-9dd70000 ---p 00000000 00:00 0 
9dd70000-9dd80000 rw-p 00000000 00:00 0 
9dd80000-9dd90000 ---p 00000000 00:00 0 
9dd90000-9dda0000 rw-p 00000000 00:00 0 
9dda0000-9ddb0000 ---p 00000000 00:00 0 
9ddb0000-9ddc0000 rw-p 00000000 00:00 0 
9ddc0000-9ddd0000 ---p 00000000 00:00 0 
9ddd0000-9dde0000 rw-p 00000000 00:00 0 
9dde0000-9e1e1000 ---p 00000000 00:00 0 
9e1e1000-9e1e5000 rw-p 00000000 00:00 0 
9e1e5000-9e1f0000 ---p 00000000 00:00 0 
9e1f0000-9e200000 rw-p 00000000 00:00 0 
9e200000-9e204000 ---p 00000000 00:00 0 
9e204000-9e205000 ---p 00000000 00:00 0 
9e205000-9ea05000 rwxp 00000000 00:00 0          [stack:7040]
9ea05000-9ea06000 ---p 00000000 00:00 0 
9ea06000-9f206000 rwxp 00000000 00:00 0          [stack:7039]
9f206000-9f207000 ---p 00000000 00:00 0 
9f207000-9fa07000 rwxp 00000000 00:00 0          [stack:7038]
9fa07000-9fa25000 r-xp 00000000 08:01 14686277   /usr/lib/i386-linux-gnu/libproxy.so.1.0.0
9fa25000-9fa26000 ---p 0001e000 08:01 14686277   /usr/lib/i386-linux-gnu/libproxy.so.1.0.0
9fa26000-9fa27000 r--p 0001e000 08:01 14686277   /usr/lib/i386-linux-gnu/libproxy.so.1.0.0
9fa27000-9fa28000 rw-p 0001f000 08:01 14686277   /usr/lib/i386-linux-gnu/libproxy.so.1.0.0
9fa28000-9fa29000 ---p 00000000 00:00 0 
9fa29000-a0229000 rwxp 00000000 00:00 0          [stack:7037]
a0229000-a022a000 ---p 00000000 00:00 0 
a022a000-a0a2a000 rwxp 00000000 00:00 0          [stack:7025]
a0a2a000-a0a2b000 ---p 00000000 00:00 0 
a0a2b000-a122b000 rwxp 00000000 00:00 0          [stack:7024]
a122b000-a122c000 ---p 00000000 00:00 0 
a122c000-a1a2c000 rwxp 00000000 00:00 0          [stack:7023]
a1a2c000-a1ac5000 r-xp 00000000 08:01 14812324   /usr/lib/jvm/java-7-openjdk-i386/jre/lib/i386/IcedTeaPlugin.so
a1ac5000-a1ac6000 r--p 00099000 08:01 14812324   /usr/lib/jvm/java-7-openjdk-i386/jre/lib/i386/IcedTeaPlugin.so
a1ac6000-a1ac7000 rw-p 0009a000 08:01 14812324   /usr/lib/jvm/java-7-openjdk-i386/jre/lib/i386/IcedTeaPlugin.so
a1ac7000-a1afe000 r-xp 00000000 08:01 9176367    /opt/google/talkplugin/libnpo1d.so
a1afe000-a1aff000 r--p 00036000 08:01 9176367    /opt/google/talkplugin/libnpo1d.so
a1aff000-a1b00000 rw-p 00037000 08:01 9176367    /opt/google/talkplugin/libnpo1d.so
a1b00000-a1bfc000 rw-p 00000000 00:00 0 
a1bfc000-a1c00000 ---p 00000000 00:00 0 
a1c00000-a1c2b000 rw-p 00000000 00:00 0 
a1c2b000-a1d00000 ---p 00000000 00:00 0 
a1d00000-a1dfa000 rw-p 00000000 00:00 0 
a1dfa000-a1e00000 ---p 00000000 00:00 0 
a1e03000-a1e04000 rwxp 00000000 00:00 0 
a1e04000-a1e10000 ---p 00000000 00:00 0 
a1e10000-a1e20000 rw-p 00000000 00:00 0 
a1e20000-a1e26000 ---p 00000000 00:00 0 
a1e26000-a1e31000 r-xp 00000000 08:01 14811639   /usr/lib/i386-linux-gnu/gio/modules/libdconfsettings.so
a1e31000-a1e32000 r--p 0000a000 08:01 14811639   /usr/lib/i386-linux-gnu/gio/modules/libdconfsettings.so
a1e32000-a1e33000 rw-p 0000b000 08:01 14811639   /usr/lib/i386-linux-gnu/gio/modules/libdconfsettings.so
a1e33000-a1e88000 r-xp 00000000 08:01 9176369    /opt/google/talkplugin/libnpgoogletalk.so
a1e88000-a1e8a000 r--p 00054000 08:01 9176369    /opt/google/talkplugin/libnpgoogletalk.so
a1e8a000-a1e8b000 rw-p 00056000 08:01 9176369    /opt/google/talkplugin/libnpgoogletalk.so
a1e8b000-a1e8c000 ---p 00000000 00:00 0 
a1e8c000-a268c000 rwxp 00000000 00:00 0          [stack:7020]
a268c000-a268d000 ---p 00000000 00:00 0 
a268d000-a2e8d000 rwxp 00000000 00:00 0          [stack:7018]
a2e8d000-a321f000 r--s 00000000 08:01 1970549    /usr/local/lib/LabVIEW-2015/English/lvapp.rsc
a321f000-a3220000 ---p 00000000 00:00 0 
a3220000-a3a20000 rwxp 00000000 00:00 0          [stack:7017]
a3a20000-a3a21000 ---p 00000000 00:00 0 
a3a21000-a4221000 rwxp 00000000 00:00 0          [stack:7016]
a4221000-a4222000 ---p 00000000 00:00 0 
a4222000-a4a22000 rwxp 00000000 00:00 0          [stack:7015]
a4a22000-a5fda000 r-xp 00000000 08:01 1574081    /usr/local/lib/LabVIEW-2015/liblvrt.so.15.0.0
a5fda000-a610c000 rw-p 015b7000 08:01 1574081    /usr/local/lib/LabVIEW-2015/liblvrt.so.15.0.0
a610c000-a6173000 rw-p 00000000 00:00 0 
a6173000-a61e0000 r-xp 00000000 08:01 1711167    /usr/local/lib/LabVIEW-2014/liblkdynam.so.5.6.0
a61e0000-a61e2000 rw-p 0006c000 08:01 1711167    /usr/local/lib/LabVIEW-2014/liblkdynam.so.5.6.0
a61e2000-a624a000 r-xp 00000000 08:01 1711179    /usr/local/lib/LabVIEW-2014/liblksec.so.5.6.0
a624a000-a624c000 rw-p 00067000 08:01 1711179    /usr/local/lib/LabVIEW-2014/liblksec.so.5.6.0
a624c000-a624d000 rw-p 00000000 00:00 0 
a624d000-a62fc000 r-xp 00000000 08:01 1711190    /usr/local/lib/LabVIEW-2014/liblksock.so.5.6.0
a62fc000-a62ff000 rw-p 000ae000 08:01 1711190    /usr/local/lib/LabVIEW-2014/liblksock.so.5.6.0
a62ff000-a6300000 rw-p 00000000 00:00 0 
a6300000-a63ff000 rw-p 00000000 00:00 0 
a63ff000-a6400000 ---p 00000000 00:00 0 
a6400000-a642d000 rw-p 00000000 00:00 0 
a642d000-a6500000 ---p 00000000 00:00 0 
a6500000-a65fe000 rw-p 00000000 00:00 0 
a65fe000-a6600000 ---p 00000000 00:00 0 
a6602000-a6605000 rwxp 00000000 00:00 0 
a6605000-a6606000 rwxp 00000000 00:00 0 
a6606000-a6608000 r-xp 00000000 08:01 14811642   /usr/lib/i386-linux-gnu/gio/modules/libgiolibproxy.so
a6608000-a6609000 r--p 00001000 08:01 14811642   /usr/lib/i386-linux-gnu/gio/modules/libgiolibproxy.so
a6609000-a660a000 rw-p 00002000 08:01 14811642   /usr/lib/i386-linux-gnu/gio/modules/libgiolibproxy.so
a660a000-a6614000 r--p 00000000 08:01 789606     /usr/share/glib-2.0/schemas/gschemas.compiled
a6614000-a661e000 r--p 00000000 08:01 789606     /usr/share/glib-2.0/schemas/gschemas.compiled
a661e000-a6626000 r-xp 00000000 08:01 14950801   /usr/lib/mozilla/plugins/LV2015NPlugin.so
a6626000-a6627000 rw-p 00007000 08:01 14950801   /usr/lib/mozilla/plugins/LV2015NPlugin.so
a6627000-a664c000 r-xp 00000000 08:01 1574049    /usr/local/lib/LabVIEW-2015/libniCPULib.so.15.0.0
a664c000-a664e000 rw-p 00024000 08:01 1574049    /usr/local/lib/LabVIEW-2015/libniCPULib.so.15.0.0
a664e000-a6656000 r-xp 00000000 08:01 14814061   /usr/lib/firefox/plugins/LV2015NPlugin.so
a6656000-a6657000 rw-p 00007000 08:01 14814061   /usr/lib/firefox/plugins/LV2015NPlugin.so
a6657000-a6658000 ---p 00000000 00:00 0 
a6658000-a6e58000 rwxp 00000000 00:00 0          [stack:7014]
a6e58000-a6e59000 ---p 00000000 00:00 0 
a6e59000-a7659000 rwxp 00000000 00:00 0          [stack:7012]
a7659000-a79ea000 r--s 00000000 08:01 2231226    /usr/local/lib/LabVIEW-2014/English/lvapp.rsc
a79ea000-a79eb000 ---p 00000000 00:00 0 
a79eb000-a81eb000 rwxp 00000000 00:00 0          [stack:7011]
a81eb000-a81ec000 ---p 00000000 00:00 0 
a81ec000-a89ec000 rwxp 00000000 00:00 0          [stack:7010]
a89ec000-a89ed000 ---p 00000000 00:00 0 
a89ed000-a91ed000 rwxp 00000000 00:00 0          [stack:7009]
a91ed000-a9219000 r-xp 00000000 08:01 1709836    /usr/local/lib/LabVIEW-2014/libniCPULib.so.14.0.0
a9219000-a921b000 rw-p 0002b000 08:01 1709836    /usr/local/lib/LabVIEW-2014/libniCPULib.so.14.0.0
a921b000-abaeb000 r-xp 00000000 08:01 1711177    /usr/local/lib/LabVIEW-2014/liblvrt.so.14.0.1
abaeb000-abc7a000 rw-p 028d0000 08:01 1711177    /usr/local/lib/LabVIEW-2014/liblvrt.so.14.0.1
abc7a000-abce2000 rw-p 00000000 00:00 0 
abce2000-abd89000 r-xp 00000000 08:01 14682206   /usr/lib/libaspell.so.15.2.0
abd89000-abd8a000 ---p 000a7000 08:01 14682206   /usr/lib/libaspell.so.15.2.0
abd8a000-abd8d000 r--p 000a7000 08:01 14682206   /usr/lib/libaspell.so.15.2.0
abd8d000-abd8e000 rw-p 000aa000 08:01 14682206   /usr/lib/libaspell.so.15.2.0
abd8e000-abd92000 rw-p 00000000 00:00 0 
abd92000-abd95000 r-xp 00000000 08:01 14811640   /usr/lib/i386-linux-gnu/gio/modules/libgiognomeproxy.so
abd95000-abd96000 r--p 00002000 08:01 14811640   /usr/lib/i386-linux-gnu/gio/modules/libgiognomeproxy.so
abd96000-abd97000 rw-p 00003000 08:01 14811640   /usr/lib/i386-linux-gnu/gio/modules/libgiognomeproxy.so
abd97000-abd9f000 r-xp 00000000 08:01 14950798   /usr/lib/mozilla/plugins/LV2014NPlugin.so
abd9f000-abda0000 rw-p 00008000 08:01 14950798   /usr/lib/mozilla/plugins/LV2014NPlugin.so
abda0000-abda7000 r--s 00000000 08:01 14691648   /usr/lib/i386-linux-gnu/gconv/gconv-modules.cache
abda7000-abdaf000 r-xp 00000000 08:01 14814201   /usr/lib/firefox/plugins/LV2014NPlugin.so
abdaf000-abdb0000 rw-p 00008000 08:01 14814201   /usr/lib/firefox/plugins/LV2014NPlugin.so
abdb0000-abe01000 r-xp 00000000 08:01 14684055   /usr/lib/i386-linux-gnu/libhunspell-1.3.so.0.0.0
abe01000-abe02000 r--p 00050000 08:01 14684055   /usr/lib/i386-linux-gnu/libhunspell-1.3.so.0.0.0
abe02000-abe06000 rw-p 00051000 08:01 14684055   /usr/lib/i386-linux-gnu/libhunspell-1.3.so.0.0.0
abe08000-abe09000 r--p 00000000 08:01 8128295    /home/anand/.config/dconf/user
abe09000-abe0a000 r--s 00000000 00:15 17613      /run/user/1000/dconf/user
abe0a000-abe0b000 rw-p 00000000 00:00 0 
abe0b000-abe14000 r-xp 00000000 08:01 14686680   /usr/lib/i386-linux-gnu/enchant/libenchant_hspell.so
abe14000-abe15000 r--p 00008000 08:01 14686680   /usr/lib/i386-linux-gnu/enchant/libenchant_hspell.so
abe15000-abe17000 rw-p 00009000 08:01 14686680   /usr/lib/i386-linux-gnu/enchant/libenchant_hspell.so
abe17000-abe22000 r-xp 00000000 08:01 14686681   /usr/lib/i386-linux-gnu/enchant/libenchant_ispell.so
abe22000-abe23000 r--p 0000a000 08:01 14686681   /usr/lib/i386-linux-gnu/enchant/libenchant_ispell.so
abe23000-abe24000 rw-p 0000b000 08:01 14686681   /usr/lib/i386-linux-gnu/enchant/libenchant_ispell.so
abe24000-abe25000 ---p 00000000 00:00 0 
abe25000-ac625000 rwxp 00000000 00:00 0          [stack:7008]
ac625000-ac626000 ---p 00000000 00:00 0 
ac626000-ac646000 rw-p 00000000 00:00 0 
ac646000-ac648000 ---p 00000000 00:00 0 
ac648000-ac748000 rw-p 00000000 00:00 0 
ac748000-ac749000 ---p 00000000 00:00 0 
ac749000-ac74a000 ---p 00000000 00:00 0 
ac74a000-acf4a000 rwxp 00000000 00:00 0          [stack:7007]
acf4a000-acf4e000 r-xp 00000000 08:01 1050000    /lib/i386-linux-gnu/libuuid.so.1.3.0
acf4e000-acf4f000 r--p 00003000 08:01 1050000    /lib/i386-linux-gnu/libuuid.so.1.3.0
acf4f000-acf50000 rw-p 00004000 08:01 1050000    /lib/i386-linux-gnu/libuuid.so.1.3.0
acf50000-acf53000 r-xp 00000000 08:01 1049597    /lib/i386-linux-gnu/libgpg-error.so.0.10.0
acf53000-acf54000 r--p 00002000 08:01 1049597    /lib/i386-linux-gnu/libgpg-error.so.0.10.0
acf54000-acf55000 rw-p 00003000 08:01 1049597    /lib/i386-linux-gnu/libgpg-error.so.0.10.0
acf55000-acf9e000 r-xp 00000000 08:01 1049652    /lib/i386-linux-gnu/libdbus-1.so.3.7.6
acf9e000-acf9f000 r--p 00048000 08:01 1049652    /lib/i386-linux-gnu/libdbus-1.so.3.7.6
acf9f000-acfa0000 rw-p 00049000 08:01 1049652    /lib/i386-linux-gnu/libdbus-1.so.3.7.6
acfa0000-acfb6000 r-xp 00000000 08:01 14685260   /usr/lib/i386-linux-gnu/libICE.so.6.3.0
acfb6000-acfb7000 r--p 00015000 08:01 14685260   /usr/lib/i386-linux-gnu/libICE.so.6.3.0
acfb7000-acfb8000 rw-p 00016000 08:01 14685260   /usr/lib/i386-linux-gnu/libICE.so.6.3.0
acfb8000-acfba000 rw-p 00000000 00:00 0 
acfba000-acfc1000 r-xp 00000000 08:01 14685341   /usr/lib/i386-linux-gnu/libSM.so.6.0.1
acfc1000-acfc2000 r--p 00006000 08:01 14685341   /usr/lib/i386-linux-gnu/libSM.so.6.0.1
acfc2000-acfc3000 rw-p 00007000 08:01 14685341   /usr/lib/i386-linux-gnu/libSM.so.6.0.1
acfc3000-ae62e000 r-xp 00000000 08:01 14681281   /usr/lib/i386-linux-gnu/libicudata.so.52.1
ae62e000-ae62f000 r--p 0166a000 08:01 14681281   /usr/lib/i386-linux-gnu/libicudata.so.52.1
ae62f000-ae630000 rw-p 0166b000 08:01 14681281   /usr/lib/i386-linux-gnu/libicudata.so.52.1
ae630000-ae63d000 r-xp 00000000 08:01 14684496   /usr/lib/i386-linux-gnu/libdrm.so.2.4.0
ae63d000-ae63e000 r--p 0000c000 08:01 14684496   /usr/lib/i386-linux-gnu/libdrm.so.2.4.0
ae63e000-ae63f000 rw-p 0000d000 08:01 14684496   /usr/lib/i386-linux-gnu/libdrm.so.2.4.0
ae63f000-ae643000 r-xp 00000000 08:01 14685406   /usr/lib/i386-linux-gnu/libXxf86vm.so.1.0.0
ae643000-ae644000 r--p 00004000 08:01 14685406   /usr/lib/i386-linux-gnu/libXxf86vm.so.1.0.0
ae644000-ae645000 rw-p 00005000 08:01 14685406   /usr/lib/i386-linux-gnu/libXxf86vm.so.1.0.0
ae645000-ae64a000 r-xp 00000000 08:01 14686549   /usr/lib/i386-linux-gnu/libxcb-sync.so.1.0.0
ae64a000-ae64b000 r--p 00004000 08:01 14686549   /usr/lib/i386-linux-gnu/libxcb-sync.so.1.0.0
ae64b000-ae64c000 rw-p 00005000 08:01 14686549   /usr/lib/i386-linux-gnu/libxcb-sync.so.1.0.0
ae64c000-ae662000 r-xp 00000000 08:01 14686531   /usr/lib/i386-linux-gnu/libxcb-glx.so.0.0.0
ae662000-ae663000 r--p 00016000 08:01 14686531   /usr/lib/i386-linux-gnu/libxcb-glx.so.0.0.0
ae663000-ae664000 rw-p 00017000 08:01 14686531   /usr/lib/i386-linux-gnu/libxcb-glx.so.0.0.0
ae664000-ae674000 r-xp 00000000 08:01 14685795   /usr/lib/i386-linux-gnu/libglapi.so.0.0.0
ae674000-ae676000 r--p 0000f000 08:01 14685795   /usr/lib/i386-linux-gnu/libglapi.so.0.0.0
ae676000-ae67b000 rwxp 00011000 08:01 14685795   /usr/lib/i386-linux-gnu/libglapi.so.0.0.0
ae67b000-ae67c000 rwxp 00000000 00:00 0 
ae67c000-ae6a0000 r-xp 00000000 08:01 1049612    /lib/i386-linux-gnu/liblzma.so.5.0.0
ae6a0000-ae6a1000 r--p 00023000 08:01 1049612    /lib/i386-linux-gnu/liblzma.so.5.0.0
ae6a1000-ae6a2000 rw-p 00024000 08:01 1049612    /lib/i386-linux-gnu/liblzma.so.5.0.0
ae6a2000-ae724000 r-xp 00000000 08:01 1051584    /lib/i386-linux-gnu/libgcrypt.so.11.8.2
ae724000-ae725000 r--p 00082000 08:01 1051584    /lib/i386-linux-gnu/libgcrypt.so.11.8.2
ae725000-ae727000 rw-p 00083000 08:01 1051584    /lib/i386-linux-gnu/libgcrypt.so.11.8.2
ae727000-ae728000 rw-p 00000000 00:00 0 
ae728000-ae7b3000 r-xp 00000000 08:01 14686213   /usr/lib/i386-linux-gnu/liborc-0.4.so.0.18.0
ae7b3000-ae7b4000 r--p 0008a000 08:01 14686213   /usr/lib/i386-linux-gnu/liborc-0.4.so.0.18.0
ae7b4000-ae7b8000 rw-p 0008b000 08:01 14686213   /usr/lib/i386-linux-gnu/liborc-0.4.so.0.18.0
ae7b8000-ae7ee000 r-xp 00000000 08:01 14683731   /usr/lib/i386-linux-gnu/libgsttag-1.0.so.0.204.0
ae7ee000-ae7ef000 r--p 00035000 08:01 14683731   /usr/lib/i386-linux-gnu/libgsttag-1.0.so.0.204.0
ae7ef000-ae7f0000 rw-p 00036000 08:01 14683731   /usr/lib/i386-linux-gnu/libgsttag-1.0.so.0.204.0
ae7f0000-ae814000 r-xp 00000000 08:01 14685587   /usr/lib/i386-linux-gnu/libdbus-glib-1.so.2.2.2
ae814000-ae815000 r--p 00023000 08:01 14685587   /usr/lib/i386-linux-gnu/libdbus-glib-1.so.2.2.2
ae815000-ae816000 rw-p 00024000 08:01 14685587   /usr/lib/i386-linux-gnu/libdbus-glib-1.so.2.2.2
ae816000-ae86e000 r-xp 00000000 08:01 14685394   /usr/lib/i386-linux-gnu/libXt.so.6.0.0
ae86e000-ae86f000 r--p 00058000 08:01 14685394   /usr/lib/i386-linux-gnu/libXt.so.6.0.0
ae86f000-ae872000 rw-p 00059000 08:01 14685394   /usr/lib/i386-linux-gnu/libXt.so.6.0.0
ae872000-ae8be000 r-xp 00000000 08:01 14686510   /usr/lib/i386-linux-gnu/libwebp.so.5.0.0
ae8be000-ae8bf000 r--p 0004b000 08:01 14686510   /usr/lib/i386-linux-gnu/libwebp.so.5.0.0
ae8bf000-ae8c0000 rw-p 0004c000 08:01 14686510   /usr/lib/i386-linux-gnu/libwebp.so.5.0.0
ae8c0000-ae8c2000 rw-p 00000000 00:00 0 
ae8c2000-aea25000 r-xp 00000000 08:01 14681172   /usr/lib/i386-linux-gnu/libicuuc.so.52.1
aea25000-aea2f000 r--p 00162000 08:01 14681172   /usr/lib/i386-linux-gnu/libicuuc.so.52.1
aea2f000-aea30000 rw-p 0016c000 08:01 14681172   /usr/lib/i386-linux-gnu/libicuuc.so.52.1
aea30000-aea34000 rw-p 00000000 00:00 0 
aea34000-aec39000 r-xp 00000000 08:01 14681170   /usr/lib/i386-linux-gnu/libicui18n.so.52.1
aec39000-aec40000 r--p 00205000 08:01 14681170   /usr/lib/i386-linux-gnu/libicui18n.so.52.1
aec40000-aec41000 rw-p 0020c000 08:01 14681170   /usr/lib/i386-linux-gnu/libicui18n.so.52.1
aec41000-aecfa000 r-xp 00000000 08:01 14680548   /usr/lib/i386-linux-gnu/libsqlite3.so.0.8.6
aecfa000-aecfc000 r--p 000b8000 08:01 14680548   /usr/lib/i386-linux-gnu/libsqlite3.so.0.8.6
aecfc000-aecfd000 rw-p 000ba000 08:01 14680548   /usr/lib/i386-linux-gnu/libsqlite3.so.0.8.6
aecfd000-aecfe000 rw-p 00000000 00:00 0 
aecfe000-aed57000 r-xp 00000000 08:01 14687620   /usr/lib/i386-linux-gnu/mesa/libGL.so.1.2.0
aed57000-aed59000 r--p 00058000 08:01 14687620   /usr/lib/i386-linux-gnu/mesa/libGL.so.1.2.0
aed59000-aed5e000 rwxp 0005a000 08:01 14687620   /usr/lib/i386-linux-gnu/mesa/libGL.so.1.2.0
aed5e000-aeeb1000 r-xp 00000000 08:01 14686053   /usr/lib/i386-linux-gnu/libxml2.so.2.9.1
aeeb1000-aeeb2000 ---p 00153000 08:01 14686053   /usr/lib/i386-linux-gnu/libxml2.so.2.9.1
aeeb2000-aeeb6000 r--p 00153000 08:01 14686053   /usr/lib/i386-linux-gnu/libxml2.so.2.9.1
aeeb6000-aeeb7000 rw-p 00157000 08:01 14686053   /usr/lib/i386-linux-gnu/libxml2.so.2.9.1
aeeb7000-aeeb8000 rw-p 00000000 00:00 0 
aeeb8000-aeef3000 r-xp 00000000 08:01 14686570   /usr/lib/i386-linux-gnu/libxslt.so.1.1.28
aeef3000-aeef4000 ---p 0003b000 08:01 14686570   /usr/lib/i386-linux-gnu/libxslt.so.1.1.28
aeef4000-aeef5000 r--p 0003b000 08:01 14686570   /usr/lib/i386-linux-gnu/libxslt.so.1.1.28
aeef5000-aeef6000 rw-p 0003c000 08:01 14686570   /usr/lib/i386-linux-gnu/libxslt.so.1.1.28
aeef6000-aef83000 r-xp 00000000 08:01 14686385   /usr/lib/i386-linux-gnu/libsoup-2.4.so.1.7.0
aef83000-aef85000 r--p 0008c000 08:01 14686385   /usr/lib/i386-linux-gnu/libsoup-2.4.so.1.7.0
aef85000-aef92000 rw-p 0008e000 08:01 14686385   /usr/lib/i386-linux-gnu/libsoup-2.4.so.1.7.0
aef92000-aefdc000 r-xp 00000000 08:01 14686360   /usr/lib/i386-linux-gnu/libsecret-1.so.0.0.0
aefdc000-aefde000 r--p 00049000 08:01 14686360   /usr/lib/i386-linux-gnu/libsecret-1.so.0.0.0
aefde000-aefdf000 rw-p 0004b000 08:01 14686360   /usr/lib/i386-linux-gnu/libsecret-1.so.0.0.0
aefdf000-af028000 r-xp 00000000 08:01 14686034   /usr/lib/i386-linux-gnu/libjpeg.so.8.0.2
af028000-af029000 r--p 00048000 08:01 14686034   /usr/lib/i386-linux-gnu/libjpeg.so.8.0.2
af029000-af02a000 rw-p 00049000 08:01 14686034   /usr/lib/i386-linux-gnu/libjpeg.so.8.0.2
af02a000-af03a000 rw-p 00000000 00:00 0 
af03a000-af138000 r-xp 00000000 08:01 14684103   /usr/lib/i386-linux-gnu/libgstreamer-1.0.so.0.204.0
af138000-af13b000 r--p 000fe000 08:01 14684103   /usr/lib/i386-linux-gnu/libgstreamer-1.0.so.0.204.0
af13b000-af13c000 rw-p 00101000 08:01 14684103   /usr/lib/i386-linux-gnu/libgstreamer-1.0.so.0.204.0
af13c000-af13d000 rw-p 00000000 00:00 0 
af13d000-af19f000 r-xp 00000000 08:01 14684105   /usr/lib/i386-linux-gnu/libgstbase-1.0.so.0.204.0
af19f000-af1a0000 r--p 00061000 08:01 14684105   /usr/lib/i386-linux-gnu/libgstbase-1.0.so.0.204.0
af1a0000-af1a1000 rw-p 00062000 08:01 14684105   /usr/lib/i386-linux-gnu/libgstbase-1.0.so.0.204.0
af1a1000-af1e5000 r-xp 00000000 08:01 14680977   /usr/lib/i386-linux-gnu/libgstvideo-1.0.so.0.204.0
af1e5000-af1e6000 r--p 00044000 08:01 14680977   /usr/lib/i386-linux-gnu/libgstvideo-1.0.so.0.204.0
af1e6000-af1e9000 rw-p 00045000 08:01 14680977   /usr/lib/i386-linux-gnu/libgstvideo-1.0.so.0.204.0
af1e9000-af20b000 r-xp 00000000 08:01 14683431   /usr/lib/i386-linux-gnu/libgstpbutils-1.0.so.0.204.0
af20b000-af20c000 ---p 00022000 08:01 14683431   /usr/lib/i386-linux-gnu/libgstpbutils-1.0.so.0.204.0
af20c000-af20d000 r--p 00022000 08:01 14683431   /usr/lib/i386-linux-gnu/libgstpbutils-1.0.so.0.204.0
af20d000-af20e000 rw-p 00023000 08:01 14683431   /usr/lib/i386-linux-gnu/libgstpbutils-1.0.so.0.204.0
af20e000-af25d000 r-xp 00000000 08:01 14680954   /usr/lib/i386-linux-gnu/libgstaudio-1.0.so.0.204.0
af25d000-af25e000 ---p 0004f000 08:01 14680954   /usr/lib/i386-linux-gnu/libgstaudio-1.0.so.0.204.0
af25e000-af25f000 r--p 0004f000 08:01 14680954   /usr/lib/i386-linux-gnu/libgstaudio-1.0.so.0.204.0
af25f000-af260000 rw-p 00050000 08:01 14680954   /usr/lib/i386-linux-gnu/libgstaudio-1.0.so.0.204.0
af260000-af26c000 r-xp 00000000 08:01 14683733   /usr/lib/i386-linux-gnu/libgstapp-1.0.so.0.204.0
af26c000-af26d000 r--p 0000b000 08:01 14683733   /usr/lib/i386-linux-gnu/libgstapp-1.0.so.0.204.0
af26d000-af26e000 rw-p 0000c000 08:01 14683733   /usr/lib/i386-linux-gnu/libgstapp-1.0.so.0.204.0
af26e000-af280000 r-xp 00000000 08:01 14685781   /usr/lib/i386-linux-gnu/libgeoclue.so.0.0.0
af280000-af281000 r--p 00012000 08:01 14685781   /usr/lib/i386-linux-gnu/libgeoclue.so.0.0.0
af281000-af282000 rw-p 00013000 08:01 14685781   /usr/lib/i386-linux-gnu/libgeoclue.so.0.0.0
af282000-af8ff000 r-xp 00000000 08:01 14684065   /usr/lib/i386-linux-gnu/libjavascriptcoregtk-1.0.so.0.16.16
af8ff000-af90b000 r--p 0067c000 08:01 14684065   /usr/lib/i386-linux-gnu/libjavascriptcoregtk-1.0.so.0.16.16
af90b000-af90c000 rw-p 00688000 08:01 14684065   /usr/lib/i386-linux-gnu/libjavascriptcoregtk-1.0.so.0.16.16
af90c000-af91e000 rw-p 00000000 00:00 0 
af91e000-b1415000 r-xp 00000000 08:01 14682991   /usr/lib/i386-linux-gnu/libwebkitgtk-1.0.so.0.22.14
b1415000-b14eb000 r--p 01af6000 08:01 14682991   /usr/lib/i386-linux-gnu/libwebkitgtk-1.0.so.0.22.14
b14eb000-b14f9000 rw-p 01bcc000 08:01 14682991   /usr/lib/i386-linux-gnu/libwebkitgtk-1.0.so.0.22.14
b14f9000-b1500000 rw-p 00000000 00:00 0 
b1500000-b1535000 rw-p 00000000 00:00 0 
b1535000-b1600000 ---p 00000000 00:00 0 
b1600000-b1601000 rw-p 00000000 00:00 0 
b1601000-b1605000 r-xp 00000000 08:01 14686527   /usr/lib/i386-linux-gnu/libxcb-dri2.so.0.0.0
b1605000-b1606000 r--p 00003000 08:01 14686527   /usr/lib/i386-linux-gnu/libxcb-dri2.so.0.0.0
b1606000-b1607000 rw-p 00004000 08:01 14686527   /usr/lib/i386-linux-gnu/libxcb-dri2.so.0.0.0
b1607000-b160a000 ---p 00000000 00:00 0 
b160a000-b1658000 rwxp 00000000 00:00 0          [stack:7050]
b1658000-b165b000 ---p 00000000 00:00 0 
b165b000-b16a9000 rwxp 00000000 00:00 0          [stack:7049]
b16dc000-b16df000 ---p 00000000 00:00 0 
b16df000-b172d000 rwxp 00000000 00:00 0          [stack:7051]
b172d000-b1735000 r--s 0003d000 08:01 14950257   /usr/lib/eclipse/plugins/org.eclipse.core.databinding.observable_1.4.1.dist.jar
b1735000-b1740000 r--s 000b9000 08:01 3802332    /usr/share/eclipse/plugins/org.eclipse.core.resources_3.8.1.dist.jar
b1740000-b17ea000 r--p 00000000 08:01 787841     /usr/share/fonts/truetype/dejavu/DejaVuSans-Bold.ttf
b17ea000-b17f6000 r-xp 00000000 08:01 14813836   /usr/lib/jni/libswt-atk-gtk-3836.so
b17f6000-b17f7000 r--p 0000b000 08:01 14813836   /usr/lib/jni/libswt-atk-gtk-3836.so
b17f7000-b17f8000 rw-p 0000c000 08:01 14813836   /usr/lib/jni/libswt-atk-gtk-3836.so
b1838000-b187a000 rw-p 00000000 00:00 0 
b187a000-b187e000 r-xp 00000000 08:01 14814196   /usr/lib/i386-linux-gnu/gdk-pixbuf-2.0/2.10.0/loaders/libpixbufloader-png.so
b187e000-b187f000 r--p 00003000 08:01 14814196   /usr/lib/i386-linux-gnu/gdk-pixbuf-2.0/2.10.0/loaders/libpixbufloader-png.so
b187f000-b1880000 rw-p 00004000 08:01 14814196   /usr/lib/i386-linux-gnu/gdk-pixbuf-2.0/2.10.0/loaders/libpixbufloader-png.so
b1880000-b188d000 r-xp 00000000 08:01 14813839   /usr/lib/jni/libswt-cairo-gtk-3836.so
b188d000-b188e000 r--p 0000c000 08:01 14813839   /usr/lib/jni/libswt-cairo-gtk-3836.so
b188e000-b188f000 rw-p 0000d000 08:01 14813839   /usr/lib/jni/libswt-cairo-gtk-3836.so
b188f000-b1895000 r-xp 00000000 08:01 14814021   /usr/lib/i386-linux-gnu/gdk-pixbuf-2.0/2.10.0/loaders/libpixbufloader-gif.so
b1895000-b1896000 r--p 00005000 08:01 14814021   /usr/lib/i386-linux-gnu/gdk-pixbuf-2.0/2.10.0/loaders/libpixbufloader-gif.so
b1896000-b1897000 rw-p 00006000 08:01 14814021   /usr/lib/i386-linux-gnu/gdk-pixbuf-2.0/2.10.0/loaders/libpixbufloader-gif.so
b1897000-b194d000 r--p 00000000 08:01 787845     /usr/share/fonts/truetype/dejavu/DejaVuSans.ttf
b194d000-b1955000 r--s 00000000 08:01 2883837    /var/cache/fontconfig/945677eb7aeaf62f1d50efc3fb3ec7d8-le32d4.cache-4
b1955000-b19ce000 r-xp 00000000 08:01 14813837   /usr/lib/jni/libswt-pi-gtk-3836.so
b19ce000-b19cf000 r--p 00078000 08:01 14813837   /usr/lib/jni/libswt-pi-gtk-3836.so
b19cf000-b19d0000 rw-p 00079000 08:01 14813837   /usr/lib/jni/libswt-pi-gtk-3836.so
b19d0000-b19d1000 rw-p 00000000 00:00 0 
b19d1000-b1a0d000 r--s 005fe000 08:01 133482     /usr/share/java/com.ibm.icu-4.4.jar
b1a0d000-b1b00000 rwxp 00000000 00:00 0          [stack:7003]
b1b00000-b1bf8000 rw-p 00000000 00:00 0 
b1bf8000-b1c00000 ---p 00000000 00:00 0 
b1c00000-b1c02000 rw-p 00000000 00:00 0 
b1c02000-b1c03000 r-xp 00000000 08:01 14686568   /usr/lib/i386-linux-gnu/libxshmfence.so.1.0.0
b1c03000-b1c04000 r--p 00000000 08:01 14686568   /usr/lib/i386-linux-gnu/libxshmfence.so.1.0.0
b1c04000-b1c05000 rw-p 00001000 08:01 14686568   /usr/lib/i386-linux-gnu/libxshmfence.so.1.0.0
b1c05000-b1c06000 r--s 00000000 08:01 2892615    /var/cache/fontconfig/c05880de57d1f5e948fdfacc138775d9-le32d4.cache-4
b1c06000-b1c08000 r--s 00000000 08:01 2892606    /var/cache/fontconfig/99e8ed0e538f840c565b6ed5dad60d56-le32d4.cache-4
b1c08000-b1c0c000 r--s 00000000 08:01 2892605    /var/cache/fontconfig/2cd17615ca594fa2959ae173292e504c-le32d4.cache-4
b1c0c000-b1c11000 r--s 00000000 08:01 2892538    /var/cache/fontconfig/a755afe4a08bf5b97852ceb7400b47bc-le32d4.cache-4
b1c11000-b1c62000 rwxp 00000000 00:00 0          [stack:6999]
b1c62000-b1c6c000 r--s 000ae000 08:01 14814146   /usr/lib/jvm/java-7-openjdk-i386/jre/lib/resources.jar
b1c6c000-b1c6d000 r--s 00000000 08:01 2892604    /var/cache/fontconfig/e7071f4a29fa870f4323321c154eba04-le32d4.cache-4
b1c6d000-b1c7c000 r--s 00000000 08:01 2892536    /var/cache/fontconfig/04aabc0a78ac019cf9454389977116d2-le32d4.cache-4
b1c7c000-b1cc2000 r--s 0039d000 08:01 14950258   /usr/lib/eclipse/plugins/org.eclipse.ui.workbench_3.8.1.dist.jar
b1cc2000-b1d64000 rwxp 00000000 00:00 0          [stack:6997]
b1d64000-b1d65000 r--s 00000000 08:01 2892539    /var/cache/fontconfig/0d8c3b2ac0904cb8a57a757ad11a4a08-le32d4.cache-4
b1d65000-b1d6e000 r--s 00000000 08:01 2892537    /var/cache/fontconfig/6d41288fd70b0be22e8c3a91e032eec0-le32d4.cache-4
b1d6e000-b1d71000 r--s 00000000 08:01 2892534    /var/cache/fontconfig/385c0604a188198f04d133e54aba7fe7-le32d4.cache-4
b1d71000-b1d76000 r--s 00000000 08:01 2894553    /var/cache/fontconfig/3047814df9a2f067bd2d96a2b9c36e5a-le32d4.cache-4
b1d76000-b1d86000 r--s 00000000 08:01 2892388    /var/cache/fontconfig/d52a8644073d54c13679302ca1180695-le32d4.cache-4
b1d86000-b1d8d000 r--s 00000000 08:01 2884379    /var/cache/fontconfig/3f7329c5293ffd510edef78f73874cfd-le32d4.cache-4
b1d8d000-b1db5000 r--s 0020c000 08:01 3802457    /usr/share/eclipse/plugins/org.eclipse.ui.ide_3.8.1.dist.jar
b1db5000-b1dc0000 r--s 0007d000 08:01 3802344    /usr/share/eclipse/plugins/org.eclipse.ui.editors_3.8.0.dist.jar
b1dc0000-b1ddc000 r--s 0013b000 08:01 3802493    /usr/share/eclipse/plugins/org.eclipse.team.ui_3.6.200.dist.jar
b1ddc000-b1dfa000 r--s 00176000 08:01 3802451    /usr/share/eclipse/plugins/org.eclipse.team.cvs.ui_3.3.500.dist.jar
b1dfa000-b1e04000 r--s 00082000 08:01 3802349    /usr/share/eclipse/plugins/org.eclipse.team.cvs.core_3.3.500.dist.jar
b1e04000-b1e1a000 r--s 0018c000 08:01 14950249   /usr/lib/java/swt-gtk-3.8.2.jar
b1e1a000-b1e2d000 r--s 00693000 08:01 3802436    /usr/share/eclipse/plugins/org.eclipse.platform.doc.user_3.8.0.dist.jar
b1e2d000-b1e41000 r--s 000d8000 08:01 3802478    /usr/share/eclipse/plugins/org.eclipse.jface.text_3.8.1.dist.jar
b1e41000-b1e6c000 r--s 00455000 08:01 3802432    /usr/share/eclipse/plugins/org.eclipse.jdt.core_3.8.2.dist.jar
b1e6c000-b1ebd000 rwxp 00000000 00:00 0          [stack:6994]
b1ebd000-b1ec0000 r--s 00028000 08:01 14950271   /usr/lib/eclipse/plugins/org.eclipse.equinox.registry_3.5.200.dist.jar
b1ec0000-b1ec9000 r--s 00000000 08:01 2892268    /var/cache/fontconfig/d589a48862398ed80a3d6066f4f56f4c-le32d4.cache-4
b1ec9000-b1eca000 rw-p 00000000 00:00 0 
b1eca000-b1ecc000 r-xp 00000000 08:01 14686537   /usr/lib/i386-linux-gnu/libxcb-present.so.0.0.0
b1ecc000-b1ecd000 r--p 00001000 08:01 14686537   /usr/lib/i386-linux-gnu/libxcb-present.so.0.0.0
b1ecd000-b1ece000 rw-p 00002000 08:01 14686537   /usr/lib/i386-linux-gnu/libxcb-present.so.0.0.0
b1ece000-b1ed2000 r--s 00000000 08:01 2892428    /var/cache/fontconfig/8801497958630a81b71ace7c5f9b32a8-le32d4.cache-4
b1ed2000-b1ed8000 r--s 00000000 08:01 2894552    /var/cache/fontconfig/7ef2298fde41cc6eeb7af42e48b7d293-le32d4.cache-4
b1ed8000-b1ed9000 r--s 00008000 08:01 3802439    /usr/share/eclipse/plugins/org.eclipse.equinox.p2.transport.ecf_1.0.100.dist.jar
b1ed9000-b1eda000 r--s 00000000 08:01 2892535    /var/cache/fontconfig/1ac9eb803944fde146138c791f5cc56a-le32d4.cache-4
b1eda000-b1edc000 r--s 00000000 08:01 2892532    /var/cache/fontconfig/767a8244fc0220cfb567a839d0392e0b-le32d4.cache-4
b1edc000-b1ee2000 r--s 00042000 08:01 3802287    /usr/share/eclipse/plugins/org.eclipse.ui.forms_3.5.200.dist.jar
b1ee2000-b1ee6000 r--s 0001b000 08:01 3802459    /usr/share/eclipse/plugins/org.eclipse.equinox.p2.repository_2.2.0.dist.jar
b1ee6000-b1ef0000 r--s 00062000 08:01 3802490    /usr/share/eclipse/plugins/org.eclipse.ltk.ui.refactoring_3.7.0.dist.jar
b1ef0000-b1ef3000 r--s 00017000 08:01 3802336    /usr/share/eclipse/plugins/org.eclipse.equinox.p2.metadata.repository_1.2.100.dist.jar
b1ef3000-b1ef5000 r--s 00000000 08:01 2892430    /var/cache/fontconfig/2fe16cf53f8bd2da9ea33d9eb6e69eee-le32d4.cache-4
b1ef5000-b1efc000 r--s 00046000 08:01 3802465    /usr/share/eclipse/plugins/org.eclipse.ltk.core.refactoring_3.6.0.dist.jar
b1efc000-b1f00000 r--s 0002b000 08:01 3802440    /usr/share/eclipse/plugins/org.eclipse.equinox.p2.engine_2.2.0.dist.jar
b1f00000-b2000000 rw-p 00000000 00:00 0 
b2000000-b2001000 r--s 00004000 08:01 3802346    /usr/share/eclipse/plugins/org.eclipse.equinox.p2.garbagecollector_1.0.200.dist.jar
b2001000-b2005000 r--s 00000000 08:01 2892389    /var/cache/fontconfig/b47c4e1ecd0709278f4910c18777a504-le32d4.cache-4
b2005000-b2008000 r--s 00014000 08:01 3802485    /usr/share/eclipse/plugins/org.eclipse.equinox.p2.director_2.2.0.dist.jar
b2008000-b200a000 r--s 0000e000 08:01 3802488    /usr/share/eclipse/plugins/org.eclipse.equinox.p2.core_2.2.0.dist.jar
b200a000-b200b000 r--s 00000000 08:01 2892533    /var/cache/fontconfig/dc05db6664285cc2f12bf69c139ae4c3-le32d4.cache-4
b200b000-b2010000 r-xp 00000000 08:01 14685396   /usr/lib/i386-linux-gnu/libXtst.so.6.1.0
b2010000-b2011000 r--p 00004000 08:01 14685396   /usr/lib/i386-linux-gnu/libXtst.so.6.1.0
b2011000-b2012000 rw-p 00005000 08:01 14685396   /usr/lib/i386-linux-gnu/libXtst.so.6.1.0
b2012000-b2015000 r--s 00012000 08:01 3802442    /usr/share/eclipse/plugins/org.eclipse.jsch.ui_1.1.400.dist.jar
b2015000-b2017000 r--s 00006000 08:01 3802446    /usr/share/eclipse/plugins/org.eclipse.jsch.core_1.1.400.dist.jar
b2017000-b2020000 r--s 00037000 08:01 14950270   /usr/lib/eclipse/plugins/org.eclipse.jface.databinding_1.6.0.dist.jar
b2020000-b2021000 r--s 00000000 08:01 2895305    /var/cache/fontconfig/4794a0821666d79190d59a36cb4f44b5-le32d4.cache-4
b2021000-b2022000 r--s 00000000 08:01 2892426    /var/cache/fontconfig/56cf4f4769d0f4abc89a4895d7bd3ae1-le32d4.cache-4
b2022000-b2023000 r--s 00001000 08:01 3802476    /usr/share/eclipse/plugins/org.eclipse.core.runtime.compatibility.registry_3.5.100.dist/runtime_registry_compatibility.jar
b2023000-b2024000 r--s 00000000 08:01 2892425    /var/cache/fontconfig/b9d506c9ac06c20b433354fa67a72993-le32d4.cache-4
b2024000-b2025000 r--s 00000000 08:01 2892266    /var/cache/fontconfig/0c9eb80ebd1c36541ebe2852d3bb0c49-le32d4.cache-4
b2025000-b2029000 r-xp 00000000 08:01 14813838   /usr/lib/jni/libswt-gtk-3836.so
b2029000-b202a000 r--p 00003000 08:01 14813838   /usr/lib/jni/libswt-gtk-3836.so
b202a000-b202b000 rw-p 00004000 08:01 14813838   /usr/lib/jni/libswt-gtk-3836.so
b202b000-b202c000 rw-p 00000000 00:00 0 
b202c000-b202e000 r--s 00018000 08:01 14950252   /usr/lib/eclipse/plugins/org.eclipse.equinox.console_1.0.0.dist.jar
b202e000-b2042000 r--s 000ee000 08:01 14950269   /usr/lib/eclipse/plugins/org.eclipse.jface_3.8.0.dist.jar
b2042000-b2046000 r--s 0003e000 08:01 133516     /usr/share/java/jetty8-util-8.1.3.v20120416.jar
b2046000-b2049000 r--s 00015000 08:01 133511     /usr/share/java/jetty8-servlet-8.1.3.v20120416.jar
b2049000-b204e000 r--s 0004c000 08:01 133520     /usr/share/java/jetty8-server-8.1.3.v20120416.jar
b204e000-b2050000 r--s 00013000 08:01 133505     /usr/share/java/jetty8-security-8.1.3.v20120416.jar
b2050000-b2052000 r--s 00017000 08:01 133507     /usr/share/java/jetty8-io-8.1.3.v20120416.jar
b2052000-b2054000 r--s 00015000 08:01 133501     /usr/share/java/jetty8-http-8.1.3.v20120416.jar
b2054000-b205d000 r--s 0008d000 08:01 3802484    /usr/share/eclipse/plugins/org.eclipse.help.webapp_3.6.101.dist.jar
b205d000-b2067000 r--s 0006c000 08:01 3802483    /usr/share/eclipse/plugins/org.eclipse.help.ui_3.5.200.dist.jar
b2067000-b206e000 r--s 0005d000 08:01 3802453    /usr/share/eclipse/plugins/org.eclipse.help.base_3.6.100.dist.jar
b206e000-b2070000 r--s 00018000 08:01 14814268   /usr/lib/jvm/java-7-openjdk-i386/jre/lib/jce.jar
b2070000-b2075000 r--s 00038000 08:01 14950274   /usr/lib/eclipse/plugins/org.eclipse.help_3.6.0.dist.jar
b2075000-b2076000 r--s 00000000 08:01 14950289   /usr/lib/eclipse/plugins/org.eclipse.core.net.linux.x86_1.1.200.dist.jar
b2076000-b2078000 r--s 0000e000 08:01 3802466    /usr/share/eclipse/plugins/org.eclipse.core.net_1.2.200.dist.jar
b2078000-b207a000 r-xp 00000000 08:01 14686529   /usr/lib/i386-linux-gnu/libxcb-dri3.so.0.0.0
b207a000-b207b000 r--p 00001000 08:01 14686529   /usr/lib/i386-linux-gnu/libxcb-dri3.so.0.0.0
b207b000-b207c000 rw-p 00002000 08:01 14686529   /usr/lib/i386-linux-gnu/libxcb-dri3.so.0.0.0
b207c000-b207d000 r-xp 00000000 08:01 14685349   /usr/lib/i386-linux-gnu/libX11-xcb.so.1.0.0
b207d000-b207e000 r--p 00000000 08:01 14685349   /usr/lib/i386-linux-gnu/libX11-xcb.so.1.0.0
b207e000-b207f000 rw-p 00001000 08:01 14685349   /usr/lib/i386-linux-gnu/libX11-xcb.so.1.0.0
b207f000-b2082000 r--s 00016000 08:01 3802447    /usr/share/eclipse/plugins/org.eclipse.equinox.security_1.1.100.dist.jar
b2082000-b2085000 r--s 0001a000 08:01 14950253   /usr/lib/eclipse/plugins/org.eclipse.equinox.preferences_3.5.0.dist.jar
b2085000-b2086000 rw-p 00000000 00:00 0 
b2086000-b2088000 r--s 00012000 08:01 14950277   /usr/lib/eclipse/plugins/org.eclipse.core.expressions_3.4.400.dist.jar
b2088000-b208b000 r--s 0001a000 08:01 3802480    /usr/share/eclipse/plugins/org.eclipse.equinox.p2.touchpoint.eclipse_2.1.100.dist.jar
b208b000-b208f000 rwxp 00000000 00:00 0 
b208f000-b2090000 r--s 0000a000 08:01 3802498    /usr/share/eclipse/plugins/org.eclipse.equinox.p2.reconciler.dropins_1.1.200.dist.jar
b2090000-b2094000 r--s 00015000 08:01 14950259   /usr/lib/eclipse/plugins/org.eclipse.core.commands_3.6.1.dist.jar
b2094000-b2097000 r--s 00016000 08:01 3802463    /usr/share/eclipse/plugins/org.eclipse.equinox.p2.publisher_1.2.0.dist.jar
b2097000-b2099000 r--s 0000b000 08:01 133477     /usr/share/java/org.apache.felix.gogo.command.jar
b2099000-b20a0000 r--s 00049000 08:01 3802482    /usr/share/eclipse/plugins/org.eclipse.equinox.p2.metadata_2.1.0.dist.jar
b20a0000-b20a1000 r--s 00000000 08:01 3802429    /usr/share/eclipse/plugins/org.eclipse.ui.workbench.compatibility_3.2.101.dist/compatibility.jar
b20a1000-b20a2000 r--s 0000b000 08:01 133479     /usr/share/java/org.apache.felix.gogo.shell.jar
b20a2000-b20a4000 r--s 00006000 08:01 3802438    /usr/share/eclipse/plugins/org.eclipse.equinox.p2.extensionlocation_1.2.100.dist.jar
b20a4000-b20a5000 r--s 00006000 08:01 3802468    /usr/share/eclipse/plugins/org.eclipse.equinox.p2.directorywatcher_1.0.300.dist.jar
b20a5000-b20a7000 r--s 0000f000 08:01 133475     /usr/share/java/org.apache.felix.gogo.runtime.jar
b20a7000-b20aa000 r--s 0001d000 08:01 3802342    /usr/share/eclipse/plugins/org.eclipse.equinox.p2.artifact.repository_1.1.200.dist.jar
b20aa000-b20ac000 r--s 0000a000 08:01 3802420    /usr/share/eclipse/plugins/org.eclipse.ecf.identity_3.1.200.dist.jar
b20ac000-b20af000 r--s 00008000 08:01 3802443    /usr/share/eclipse/plugins/org.eclipse.ecf.filetransfer_5.0.0.dist.jar
b20af000-b20b2000 r--s 00013000 08:01 3802435    /usr/share/eclipse/plugins/org.eclipse.core.runtime.compatibility_3.2.200.dist.jar
b20b2000-b20b4000 r--s 00012000 08:01 14950256   /usr/lib/eclipse/plugins/org.eclipse.equinox.app_1.3.100.dist.jar
b20b4000-b20b6000 r--s 00013000 08:01 14950275   /usr/lib/eclipse/plugins/org.eclipse.core.jobs_3.5.200.dist.jar
b20b6000-b20b8000 r--s 0000f000 08:01 14950273   /usr/lib/eclipse/plugins/org.eclipse.core.runtime_3.8.0.dist.jar
b20b8000-b20bb000 r--s 0002c000 08:01 14950279   /usr/lib/eclipse/plugins/org.eclipse.equinox.ds_1.4.0.dist.jar
b20bb000-b20bd000 r--s 00000000 08:01 2883832    /var/cache/fontconfig/e13b20fdb08344e0e664864cc2ede53d-le32d4.cache-4
b20bd000-b20be000 r--s 00006000 08:01 3802489    /usr/share/eclipse/plugins/org.eclipse.equinox.event_1.2.200.dist.jar
b20be000-b20c0000 r--s 00013000 08:01 14950267   /usr/lib/eclipse/plugins/org.eclipse.core.contenttype_3.4.200.dist.jar
b20c0000-b20c3000 r--s 00016000 08:01 14950266   /usr/lib/eclipse/plugins/org.eclipse.equinox.common_3.6.100.dist.jar
b20c3000-b20c8000 r--s 00022000 08:01 133605     /usr/share/java/org.sat4j.pb-2.3.2.jar
b20c8000-b20ce000 r--s 00031000 08:01 133603     /usr/share/java/org.sat4j.core-2.3.2.jar
b20ce000-b20d7000 r--s 0006f000 08:01 3802290    /usr/share/eclipse/plugins/org.eclipse.update.ui_3.3.0.dist.jar
b20d7000-b20d9000 r--s 00005000 08:01 3802424    /usr/share/eclipse/plugins/org.eclipse.update.scheduler_3.2.400.dist.jar
b20d9000-b20e2000 r--s 00086000 08:01 3802462    /usr/share/eclipse/plugins/org.eclipse.update.core_3.2.600.dist.jar
b20e2000-b20e4000 r--s 00016000 08:01 14950263   /usr/lib/eclipse/plugins/org.eclipse.update.configurator_3.3.200.dist.jar
b20e4000-b20ef000 r--s 00080000 08:01 3802434    /usr/share/eclipse/plugins/org.eclipse.ui.workbench.texteditor_3.8.0.dist.jar
b20ef000-b20f2000 r--s 00015000 08:01 3802350    /usr/share/eclipse/plugins/org.eclipse.ui.views.properties.tabbed_3.5.300.dist.jar
b20f2000-b20f5000 r--s 00012000 08:01 3802452    /usr/share/eclipse/plugins/org.eclipse.ui.views_3.6.100.dist.jar
b20f5000-b20f7000 r--s 00015000 08:01 3802341    /usr/share/eclipse/plugins/org.eclipse.ui.presentations.r21_3.2.201.dist.jar
b20f7000-b20f9000 r--s 00009000 08:01 3802456    /usr/share/eclipse/plugins/org.eclipse.ui.net_1.2.101.dist.jar
b20f9000-b20fd000 r--s 00018000 08:01 3802343    /usr/share/eclipse/plugins/org.eclipse.ui.navigator.resources_3.4.400.dist.jar
b20fd000-b2106000 r--s 00056000 08:01 3802486    /usr/share/eclipse/plugins/org.eclipse.ui.navigator_3.5.200.dist.jar
b2106000-b210c000 r--s 00044000 08:01 3802345    /usr/share/eclipse/plugins/org.eclipse.ui.intro_3.4.200.dist.jar
b210c000-b210e000 r--s 0000d000 08:01 3802495    /usr/share/eclipse/plugins/org.eclipse.ui.ide.application_1.0.400.dist.jar
b210e000-b2112000 r--s 0001c000 08:01 3802494    /usr/share/eclipse/plugins/org.eclipse.ui.externaltools_3.2.100.dist.jar
b2112000-b2116000 r--s 00022000 08:01 3802450    /usr/share/eclipse/plugins/org.eclipse.ui.console_3.5.100.dist.jar
b2116000-b211e000 r--s 00046000 08:01 3802467    /usr/share/eclipse/plugins/org.eclipse.ui.cheatsheets_3.4.200.dist.jar
b211e000-b2123000 r--s 00028000 08:01 3802481    /usr/share/eclipse/plugins/org.eclipse.ui.browser_3.4.1.dist.jar
b2123000-b2128000 r--s 00035000 08:01 3802464    /usr/share/eclipse/plugins/org.eclipse.text_3.5.200.dist.jar
b2128000-b2131000 r--s 00055000 08:01 3802458    /usr/share/eclipse/plugins/org.eclipse.team.core_3.6.100.dist.jar
b2131000-b213a000 r--s 00066000 08:01 3802335    /usr/share/eclipse/plugins/org.eclipse.search_3.8.0.dist.jar
b213a000-b213c000 r--s 00012000 08:01 3802433    /usr/share/eclipse/plugins/org.eclipse.equinox.p2.updatesite_1.0.400.dist.jar
b213c000-b2280000 rwxp 00000000 00:00 0          [stack:6989]
b2280000-b2291000 r-xp 00000000 08:01 14814164   /usr/lib/jvm/java-7-openjdk-i386/jre/lib/i386/libnio.so
b2291000-b2292000 r--p 00010000 08:01 14814164   /usr/lib/jvm/java-7-openjdk-i386/jre/lib/i386/libnio.so
b2292000-b2293000 rw-p 00011000 08:01 14814164   /usr/lib/jvm/java-7-openjdk-i386/jre/lib/i386/libnio.so
b2293000-b22ab000 r-xp 00000000 08:01 14814261   /usr/lib/jvm/java-7-openjdk-i386/jre/lib/i386/libnet.so
b22ab000-b22ac000 r--p 00017000 08:01 14814261   /usr/lib/jvm/java-7-openjdk-i386/jre/lib/i386/libnet.so
b22ac000-b22ad000 rw-p 00018000 08:01 14814261   /usr/lib/jvm/java-7-openjdk-i386/jre/lib/i386/libnet.so
b22ad000-b22ae000 ---p 00000000 00:00 0 
b22ae000-b237f000 rwxp 00000000 00:00 0          [stack:6987]
b237f000-b2380000 ---p 00000000 00:00 0 
b2380000-b2400000 rwxp 00000000 00:00 0          [stack:6986]
b2400000-b2500000 rw-p 00000000 00:00 0 
b2500000-b2501000 r--s 00001000 08:01 14950291   /usr/lib/eclipse/plugins/org.eclipse.update.core.linux_3.2.300.dist.jar
b2501000-b2505000 r--s 0001e000 08:01 14950276   /usr/lib/eclipse/plugins/org.eclipse.ui_3.8.0.dist.jar
b2505000-b2507000 r--s 00004000 08:01 3802491    /usr/share/eclipse/plugins/org.eclipse.team.cvs.ssh2_3.2.300.dist.jar
b2507000-b2508000 r--s 00001000 08:01 14950280   /usr/lib/eclipse/plugins/org.eclipse.rcp_3.8.0.dist.jar
b2508000-b250a000 r--s 00003000 08:01 14950246   /usr/lib/eclipse/plugins/org.eclipse.osgi.util_3.2.300.dist.jar
b250a000-b250d000 r--s 00010000 08:01 14950245   /usr/lib/eclipse/plugins/org.eclipse.osgi.services_3.3.100.dist.jar
b250d000-b2600000 rwxp 00000000 00:00 0          [stack:6983]
b2600000-b26fe000 rw-p 00000000 00:00 0 
b26fe000-b2700000 ---p 00000000 00:00 0 
b2700000-b2701000 r--s 00004000 08:01 133502     /usr/share/java/jetty8-continuation-8.1.3.v20120416.jar
b2701000-b2702000 rw-p 00000000 00:00 0 
b2702000-b2716000 r--s 0013a000 08:01 14950247   /usr/lib/eclipse/plugins/org.eclipse.osgi_3.8.1.dist.jar
b2716000-b271a000 r--s 0004f000 08:01 14814133   /usr/lib/jvm/java-7-openjdk-i386/jre/lib/jsse.jar
b271a000-b271b000 r--s 0000a000 08:01 14950262   /usr/lib/eclipse/plugins/org.eclipse.equinox.launcher_1.3.0.dist.jar
b271b000-b271d000 r--s 00006000 08:01 135359     /usr/share/java/java-atk-wrapper.jar
b271d000-b2721000 r--s 00034000 08:01 14814271   /usr/lib/jvm/java-7-openjdk-i386/jre/lib/ext/sunjce_provider.jar
b2721000-b2725000 r--s 00085000 08:01 14814270   /usr/lib/jvm/java-7-openjdk-i386/jre/lib/ext/localedata.jar
b2725000-b2727000 r--s 00012000 08:01 14814272   /usr/lib/jvm/java-7-openjdk-i386/jre/lib/ext/zipfs.jar
b2727000-b272a000 r--s 0000f000 08:01 14814275   /usr/lib/jvm/java-7-openjdk-i386/jre/lib/ext/icedtea-sound.jar
b272a000-b272b000 ---p 00000000 00:00 0 
b272b000-b27ab000 rwxp 00000000 00:00 0          [stack:6982]
b27ab000-b27f4000 rw-p 00000000 00:00 0 
b27f4000-b29a6000 r--s 01d2f000 08:01 14814267   /usr/lib/jvm/java-7-openjdk-i386/jre/lib/rt.jar
b29a6000-b29b0000 rw-p 00000000 00:00 0 
b29b0000-b2a27000 rw-p 00000000 00:00 0 
b2a27000-b2a35000 rw-p 00000000 00:00 0 
b2a35000-b2aa8000 rw-p 00000000 00:00 0 
b2aa8000-b2aaf000 rw-p 00000000 00:00 0 
b2aaf000-b2ae8000 rw-p 00000000 00:00 0 
b2ae8000-b2af6000 rw-p 00000000 00:00 0 
b2af6000-b2b68000 rw-p 00000000 00:00 0 
b2b68000-b2b72000 rw-p 00000000 00:00 0 
b2b72000-b2be8000 rw-p 00000000 00:00 0 
b2be8000-b2c01000 rw-p 00000000 00:00 0 
b2c01000-b2c74000 rw-p 00000000 00:00 0 
b2c74000-b2fa4000 rwxp 00000000 00:00 0 
b2fa4000-b4c74000 rw-p 00000000 00:00 0 
b4c74000-b4c7f000 r-xp 00000000 08:01 1050882    /lib/i386-linux-gnu/libnss_files-2.19.so
b4c7f000-b4c80000 r--p 0000a000 08:01 1050882    /lib/i386-linux-gnu/libnss_files-2.19.so
b4c80000-b4c81000 rw-p 0000b000 08:01 1050882    /lib/i386-linux-gnu/libnss_files-2.19.so
b4c81000-b4c8b000 r-xp 00000000 08:01 1050841    /lib/i386-linux-gnu/libnss_nis-2.19.so
b4c8b000-b4c8c000 r--p 00009000 08:01 1050841    /lib/i386-linux-gnu/libnss_nis-2.19.so
b4c8c000-b4c8d000 rw-p 0000a000 08:01 1050841    /lib/i386-linux-gnu/libnss_nis-2.19.so
b4c8d000-b4ca2000 r-xp 00000000 08:01 1050842    /lib/i386-linux-gnu/libnsl-2.19.so
b4ca2000-b4ca3000 r--p 00015000 08:01 1050842    /lib/i386-linux-gnu/libnsl-2.19.so
b4ca3000-b4ca4000 rw-p 00016000 08:01 1050842    /lib/i386-linux-gnu/libnsl-2.19.so
b4ca4000-b4ca6000 rw-p 00000000 00:00 0 
b4ca6000-b4cad000 r-xp 00000000 08:01 1050847    /lib/i386-linux-gnu/libnss_compat-2.19.so
b4cad000-b4cae000 r--p 00006000 08:01 1050847    /lib/i386-linux-gnu/libnss_compat-2.19.so
b4cae000-b4caf000 rw-p 00007000 08:01 1050847    /lib/i386-linux-gnu/libnss_compat-2.19.so
b4caf000-b4cb3000 r--s 0003c000 08:01 14814273   /usr/lib/jvm/java-7-openjdk-i386/jre/lib/ext/sunpkcs11.jar
b4cb3000-b4cb4000 r--s 00002000 08:01 14814274   /usr/lib/jvm/java-7-openjdk-i386/jre/lib/ext/dnsns.jar
b4cb4000-b4cbb000 rw-p 00000000 00:00 0 
b4cbb000-b4cc3000 r-xp 00000000 08:01 14814157   /usr/lib/jvm/java-7-openjdk-i386/jre/lib/i386/libzip.so
b4cc3000-b4cc4000 r--p 00007000 08:01 14814157   /usr/lib/jvm/java-7-openjdk-i386/jre/lib/i386/libzip.so
b4cc4000-b4cc5000 rw-p 00008000 08:01 14814157   /usr/lib/jvm/java-7-openjdk-i386/jre/lib/i386/libzip.so
b4cc5000-b4ccd000 rw-s 00000000 08:01 12323154   /tmp/hsperfdata_anand/6966
b4ccd000-b52fe000 r-xp 00000000 08:01 14814248   /usr/lib/jvm/java-7-openjdk-i386/jre/lib/i386/client/libjvm.so
b52fe000-b52ff000 ---p 00631000 08:01 14814248   /usr/lib/jvm/java-7-openjdk-i386/jre/lib/i386/client/libjvm.so
b52ff000-b5315000 r--p 00631000 08:01 14814248   /usr/lib/jvm/java-7-openjdk-i386/jre/lib/i386/client/libjvm.so
b5315000-b5324000 rw-p 00647000 08:01 14814248   /usr/lib/jvm/java-7-openjdk-i386/jre/lib/i386/client/libjvm.so
b5324000-b573d000 rw-p 00000000 00:00 0 
b573d000-b579d000 rw-s 00000000 00:04 11632665   /SYSV00000000 (deleted)
b579d000-b5800000 rw-p 00000000 00:00 0 
b5800000-b5900000 rw-p 00000000 00:00 0 
b5900000-b5927000 r-xp 00000000 08:01 14814257   /usr/lib/jvm/java-7-openjdk-i386/jre/lib/i386/libjava.so
b5927000-b5928000 r--p 00026000 08:01 14814257   /usr/lib/jvm/java-7-openjdk-i386/jre/lib/i386/libjava.so
b5928000-b5929000 rw-p 00027000 08:01 14814257   /usr/lib/jvm/java-7-openjdk-i386/jre/lib/i386/libjava.so
b5929000-b594a000 r--s 00000000 08:01 131162     /usr/share/mime/mime.cache
b594a000-b596b000 r--s 00000000 08:01 131162     /usr/share/mime/mime.cache
b596b000-b596c000 rw-p 00000000 00:00 0 
b596c000-b5976000 r-xp 00000000 08:01 14683432   /usr/lib/i386-linux-gnu/libgstfft-1.0.so.0.204.0
b5976000-b5977000 r--p 00009000 08:01 14683432   /usr/lib/i386-linux-gnu/libgstfft-1.0.so.0.204.0
b5977000-b5978000 rw-p 0000a000 08:01 14683432   /usr/lib/i386-linux-gnu/libgstfft-1.0.so.0.204.0
b5978000-b597a000 r-xp 00000000 08:01 14685970   /usr/lib/i386-linux-gnu/libharfbuzz-icu.so.0.927.0
b597a000-b597b000 r--p 00001000 08:01 14685970   /usr/lib/i386-linux-gnu/libharfbuzz-icu.so.0.927.0
b597b000-b597c000 rw-p 00002000 08:01 14685970   /usr/lib/i386-linux-gnu/libharfbuzz-icu.so.0.927.0
b597c000-b5986000 r-xp 00000000 08:01 14685658   /usr/lib/i386-linux-gnu/libenchant.so.1.6.0
b5986000-b5987000 r--p 00009000 08:01 14685658   /usr/lib/i386-linux-gnu/libenchant.so.1.6.0
b5987000-b5988000 rw-p 0000a000 08:01 14685658   /usr/lib/i386-linux-gnu/libenchant.so.1.6.0
b5988000-b598a000 r-xp 00000000 08:01 14686679   /usr/lib/i386-linux-gnu/enchant/libenchant_aspell.so
b598a000-b598b000 r--p 00001000 08:01 14686679   /usr/lib/i386-linux-gnu/enchant/libenchant_aspell.so
b598b000-b598c000 rw-p 00002000 08:01 14686679   /usr/lib/i386-linux-gnu/enchant/libenchant_aspell.so
b598c000-b5990000 r-xp 00000000 08:01 14686682   /usr/lib/i386-linux-gnu/enchant/libenchant_myspell.so
b5990000-b5991000 r--p 00003000 08:01 14686682   /usr/lib/i386-linux-gnu/enchant/libenchant_myspell.so
b5991000-b5992000 rw-p 00004000 08:01 14686682   /usr/lib/i386-linux-gnu/enchant/libenchant_myspell.so
b5992000-b5993000 ---p 00000000 00:00 0 
b5993000-b599b000 rw-p 00000000 00:00 0 
b599b000-b599d000 ---p 00000000 00:00 0 
b599d000-b59a5000 rw-p 00000000 00:00 0 
b59a5000-b59a6000 ---p 00000000 00:00 0 
b59a6000-b59b2000 r-xp 00000000 08:01 14813840   /usr/lib/jni/libswt-webkit-gtk-3836.so
b59b2000-b59b3000 r--p 0000b000 08:01 14813840   /usr/lib/jni/libswt-webkit-gtk-3836.so
b59b3000-b59b4000 rw-p 0000c000 08:01 14813840   /usr/lib/jni/libswt-webkit-gtk-3836.so
b59b4000-b59b7000 r--s 00012000 08:01 3802270    /usr/share/eclipse/plugins/org.eclipse.ui.intro.universal_3.2.600.dist/universal.jar
b59b7000-b59b8000 r--s 00001000 08:01 3802449    /usr/share/eclipse/plugins/org.eclipse.cvs_1.2.0.dist.jar
b59b8000-b59eb000 r--s 0023a000 08:01 3802437    /usr/share/eclipse/plugins/org.eclipse.debug.ui_3.8.1.dist.jar
b59eb000-b59ec000 ---p 00000000 00:00 0 
b59ec000-b61ec000 rwxp 00000000 00:00 0          [stack:6969]
b61ec000-b6208000 r-xp 00000000 08:01 1049999    /lib/i386-linux-gnu/libgcc_s.so.1
b6208000-b6209000 rw-p 0001b000 08:01 1049999    /lib/i386-linux-gnu/libgcc_s.so.1
b6209000-b62e5000 r-xp 00000000 08:01 14688568   /usr/lib/i386-linux-gnu/libstdc++.so.6.0.19
b62e5000-b62e9000 r--p 000dc000 08:01 14688568   /usr/lib/i386-linux-gnu/libstdc++.so.6.0.19
b62e9000-b62ea000 rw-p 000e0000 08:01 14688568   /usr/lib/i386-linux-gnu/libstdc++.so.6.0.19
b62ea000-b62f1000 rw-p 00000000 00:00 0 
b62f1000-b642a000 r-xp 00000000 08:01 14811652   /usr/lib/i386-linux-gnu/gtk-2.0/2.10.0/engines/liboxygen-gtk.so
b642a000-b642d000 r--p 00138000 08:01 14811652   /usr/lib/i386-linux-gnu/gtk-2.0/2.10.0/engines/liboxygen-gtk.so
b642d000-b642e000 rw-p 0013b000 08:01 14811652   /usr/lib/i386-linux-gnu/gtk-2.0/2.10.0/engines/liboxygen-gtk.so
b642e000-b642f000 rw-p 00000000 00:00 0 
b642f000-b644d000 r-xp 00000000 08:01 14685451   /usr/lib/i386-linux-gnu/libatk-1.0.so.0.21009.1
b644d000-b644f000 r--p 0001d000 08:01 14685451   /usr/lib/i386-linux-gnu/libatk-1.0.so.0.21009.1
b644f000-b6450000 rw-p 0001f000 08:01 14685451   /usr/lib/i386-linux-gnu/libatk-1.0.so.0.21009.1
b6450000-b68b8000 r-xp 00000000 08:01 14684053   /usr/lib/i386-linux-gnu/libgtk-x11-2.0.so.0.2400.23
b68b8000-b68bc000 r--p 00467000 08:01 14684053   /usr/lib/i386-linux-gnu/libgtk-x11-2.0.so.0.2400.23
b68bc000-b68be000 rw-p 0046b000 08:01 14684053   /usr/lib/i386-linux-gnu/libgtk-x11-2.0.so.0.2400.23
b68be000-b68c0000 rw-p 00000000 00:00 0 
b68c0000-b68da000 r-xp 00000000 08:01 14685845   /usr/lib/i386-linux-gnu/libgraphite2.so.3.0.1
b68da000-b68db000 r--p 00019000 08:01 14685845   /usr/lib/i386-linux-gnu/libgraphite2.so.3.0.1
b68db000-b68dc000 rw-p 0001a000 08:01 14685845   /usr/lib/i386-linux-gnu/libgraphite2.so.3.0.1
b68dc000-b68e1000 r-xp 00000000 08:01 14685366   /usr/lib/i386-linux-gnu/libXdmcp.so.6.0.0
b68e1000-b68e2000 r--p 00004000 08:01 14685366   /usr/lib/i386-linux-gnu/libXdmcp.so.6.0.0
b68e2000-b68e3000 rw-p 00005000 08:01 14685366   /usr/lib/i386-linux-gnu/libXdmcp.so.6.0.0
b68e3000-b68e5000 r-xp 00000000 08:01 14685355   /usr/lib/i386-linux-gnu/libXau.so.6.0.0
b68e5000-b68e6000 r--p 00001000 08:01 14685355   /usr/lib/i386-linux-gnu/libXau.so.6.0.0
b68e6000-b68e7000 rw-p 00002000 08:01 14685355   /usr/lib/i386-linux-gnu/libXau.so.6.0.0
b68e7000-b68ee000 r-xp 00000000 08:01 14685584   /usr/lib/i386-linux-gnu/libdatrie.so.1.3.1
b68ee000-b68ef000 r--p 00006000 08:01 14685584   /usr/lib/i386-linux-gnu/libdatrie.so.1.3.1
b68ef000-b68f0000 rw-p 00007000 08:01 14685584   /usr/lib/i386-linux-gnu/libdatrie.so.1.3.1
b68f0000-b6944000 r-xp 00000000 08:01 14686164   /usr/lib/i386-linux-gnu/libharfbuzz.so.0.927.0
b6944000-b6945000 r--p 00054000 08:01 14686164   /usr/lib/i386-linux-gnu/libharfbuzz.so.0.927.0
b6945000-b6946000 rw-p 00055000 08:01 14686164   /usr/lib/i386-linux-gnu/libharfbuzz.so.0.927.0
b6946000-b694d000 r-xp 00000000 08:01 1050884    /lib/i386-linux-gnu/librt-2.19.so
b694d000-b694e000 r--p 00006000 08:01 1050884    /lib/i386-linux-gnu/librt-2.19.so
b694e000-b694f000 rw-p 00007000 08:01 1050884    /lib/i386-linux-gnu/librt-2.19.so
b694f000-b696f000 r-xp 00000000 08:01 14686559   /usr/lib/i386-linux-gnu/libxcb.so.1.1.0
b696f000-b6970000 r--p 0001f000 08:01 14686559   /usr/lib/i386-linux-gnu/libxcb.so.1.1.0
b6970000-b6971000 rw-p 00020000 08:01 14686559   /usr/lib/i386-linux-gnu/libxcb.so.1.1.0
b6971000-b6979000 r-xp 00000000 08:01 14686543   /usr/lib/i386-linux-gnu/libxcb-render.so.0.0.0
b6979000-b697a000 r--p 00008000 08:01 14686543   /usr/lib/i386-linux-gnu/libxcb-render.so.0.0.0
b697a000-b697b000 rw-p 00009000 08:01 14686543   /usr/lib/i386-linux-gnu/libxcb-render.so.0.0.0
b697b000-b697d000 r-xp 00000000 08:01 14686547   /usr/lib/i386-linux-gnu/libxcb-shm.so.0.0.0
b697d000-b697e000 r--p 00001000 08:01 14686547   /usr/lib/i386-linux-gnu/libxcb-shm.so.0.0.0
b697e000-b697f000 rw-p 00002000 08:01 14686547   /usr/lib/i386-linux-gnu/libxcb-shm.so.0.0.0
b697f000-b69a5000 r-xp 00000000 08:01 1050129    /lib/i386-linux-gnu/libpng12.so.0.50.0
b69a5000-b69a6000 r--p 00025000 08:01 1050129    /lib/i386-linux-gnu/libpng12.so.0.50.0
b69a6000-b69a7000 rw-p 00026000 08:01 1050129    /lib/i386-linux-gnu/libpng12.so.0.50.0
b69a7000-b6a4b000 r-xp 00000000 08:01 14686252   /usr/lib/i386-linux-gnu/libpixman-1.so.0.30.2
b6a4b000-b6a50000 r--p 000a4000 08:01 14686252   /usr/lib/i386-linux-gnu/libpixman-1.so.0.30.2
b6a50000-b6a51000 rw-p 000a9000 08:01 14686252   /usr/lib/i386-linux-gnu/libpixman-1.so.0.30.2
b6a51000-b6a76000 r-xp 00000000 08:01 1049618    /lib/i386-linux-gnu/libexpat.so.1.6.0
b6a76000-b6a77000 ---p 00025000 08:01 1049618    /lib/i386-linux-gnu/libexpat.so.1.6.0
b6a77000-b6a79000 r--p 00025000 08:01 1049618    /lib/i386-linux-gnu/libexpat.so.1.6.0
b6a79000-b6a7a000 rw-p 00027000 08:01 1049618    /lib/i386-linux-gnu/libexpat.so.1.6.0
b6a7a000-b6a8d000 r-xp 00000000 08:01 1050879    /lib/i386-linux-gnu/libresolv-2.19.so
b6a8d000-b6a8e000 ---p 00013000 08:01 1050879    /lib/i386-linux-gnu/libresolv-2.19.so
b6a8e000-b6a8f000 r--p 00013000 08:01 1050879    /lib/i386-linux-gnu/libresolv-2.19.so
b6a8f000-b6a90000 rw-p 00014000 08:01 1050879    /lib/i386-linux-gnu/libresolv-2.19.so
b6a90000-b6a92000 rw-p 00000000 00:00 0 
b6a92000-b6ab2000 r-xp 00000000 08:01 1049555    /lib/i386-linux-gnu/libselinux.so.1
b6ab2000-b6ab3000 r--p 0001f000 08:01 1049555    /lib/i386-linux-gnu/libselinux.so.1
b6ab3000-b6ab4000 rw-p 00020000 08:01 1049555    /lib/i386-linux-gnu/libselinux.so.1
b6ab4000-b6ab5000 rw-p 00000000 00:00 0 
b6ab5000-b6acd000 r-xp 00000000 08:01 1049726    /lib/i386-linux-gnu/libz.so.1.2.8
b6acd000-b6ace000 r--p 00017000 08:01 1049726    /lib/i386-linux-gnu/libz.so.1.2.8
b6ace000-b6acf000 rw-p 00018000 08:01 1049726    /lib/i386-linux-gnu/libz.so.1.2.8
b6acf000-b6ad7000 r-xp 00000000 08:01 14686433   /usr/lib/i386-linux-gnu/libthai.so.0.2.0
b6ad7000-b6ad8000 r--p 00007000 08:01 14686433   /usr/lib/i386-linux-gnu/libthai.so.0.2.0
b6ad8000-b6ad9000 rw-p 00008000 08:01 14686433   /usr/lib/i386-linux-gnu/libthai.so.0.2.0
b6ad9000-b6adc000 r-xp 00000000 08:01 14681587   /usr/lib/i386-linux-gnu/libgmodule-2.0.so.0.4002.0
b6adc000-b6add000 r--p 00002000 08:01 14681587   /usr/lib/i386-linux-gnu/libgmodule-2.0.so.0.4002.0
b6add000-b6ade000 rw-p 00003000 08:01 14681587   /usr/lib/i386-linux-gnu/libgmodule-2.0.so.0.4002.0
b6ade000-b6b79000 r-xp 00000000 08:01 14681452   /usr/lib/i386-linux-gnu/libfreetype.so.6.11.1
b6b79000-b6b7d000 r--p 0009a000 08:01 14681452   /usr/lib/i386-linux-gnu/libfreetype.so.6.11.1
b6b7d000-b6b7e000 rw-p 0009e000 08:01 14681452   /usr/lib/i386-linux-gnu/libfreetype.so.6.11.1
b6b7e000-b6b92000 r-xp 00000000 08:01 14680822   /usr/lib/i386-linux-gnu/libpangoft2-1.0.so.0.3600.3
b6b92000-b6b93000 r--p 00013000 08:01 14680822   /usr/lib/i386-linux-gnu/libpangoft2-1.0.so.0.3600.3
b6b93000-b6b94000 rw-p 00014000 08:01 14680822   /usr/lib/i386-linux-gnu/libpangoft2-1.0.so.0.3600.3
b6b94000-b6bd8000 r-xp 00000000 08:01 1050846    /lib/i386-linux-gnu/libm-2.19.so
b6bd8000-b6bd9000 r--p 00043000 08:01 1050846    /lib/i386-linux-gnu/libm-2.19.so
b6bd9000-b6bda000 rw-p 00044000 08:01 1050846    /lib/i386-linux-gnu/libm-2.19.so
b6bda000-b6beb000 r-xp 00000000 08:01 14683433   /usr/lib/i386-linux-gnu/libXext.so.6.4.0
b6beb000-b6bec000 r--p 00010000 08:01 14683433   /usr/lib/i386-linux-gnu/libXext.so.6.4.0
b6bec000-b6bed000 rw-p 00011000 08:01 14683433   /usr/lib/i386-linux-gnu/libXext.so.6.4.0
b6bed000-b6d1d000 r-xp 00000000 08:01 14685351   /usr/lib/i386-linux-gnu/libX11.so.6.3.0
b6d1d000-b6d1e000 r--p 00130000 08:01 14685351   /usr/lib/i386-linux-gnu/libX11.so.6.3.0
b6d1e000-b6d20000 rw-p 00131000 08:01 14685351   /usr/lib/i386-linux-gnu/libX11.so.6.3.0
b6d20000-b6d21000 rw-p 00000000 00:00 0 
b6d21000-b6e40000 r-xp 00000000 08:01 14680325   /usr/lib/i386-linux-gnu/libcairo.so.2.11301.0
b6e40000-b6e42000 r--p 0011e000 08:01 14680325   /usr/lib/i386-linux-gnu/libcairo.so.2.11301.0
b6e42000-b6e43000 rw-p 00120000 08:01 14680325   /usr/lib/i386-linux-gnu/libcairo.so.2.11301.0
b6e43000-b6e44000 rw-p 00000000 00:00 0 
b6e44000-b6e48000 r-xp 00000000 08:01 14683435   /usr/lib/i386-linux-gnu/libXfixes.so.3.1.0
b6e48000-b6e49000 r--p 00003000 08:01 14683435   /usr/lib/i386-linux-gnu/libXfixes.so.3.1.0
b6e49000-b6e4a000 rw-p 00004000 08:01 14683435   /usr/lib/i386-linux-gnu/libXfixes.so.3.1.0
b6e4a000-b6e4c000 r-xp 00000000 08:01 14685364   /usr/lib/i386-linux-gnu/libXdamage.so.1.1.0
b6e4c000-b6e4d000 r--p 00001000 08:01 14685364   /usr/lib/i386-linux-gnu/libXdamage.so.1.1.0
b6e4d000-b6e4e000 rw-p 00002000 08:01 14685364   /usr/lib/i386-linux-gnu/libXdamage.so.1.1.0
b6e4e000-b6e57000 r-xp 00000000 08:01 14685362   /usr/lib/i386-linux-gnu/libXcursor.so.1.0.2
b6e57000-b6e58000 r--p 00008000 08:01 14685362   /usr/lib/i386-linux-gnu/libXcursor.so.1.0.2
b6e58000-b6e59000 rw-p 00009000 08:01 14685362   /usr/lib/i386-linux-gnu/libXcursor.so.1.0.2
b6e59000-b6e62000 r-xp 00000000 08:01 14685388   /usr/lib/i386-linux-gnu/libXrandr.so.2.2.0
b6e62000-b6e63000 r--p 00008000 08:01 14685388   /usr/lib/i386-linux-gnu/libXrandr.so.2.2.0
b6e63000-b6e64000 rw-p 00009000 08:01 14685388   /usr/lib/i386-linux-gnu/libXrandr.so.2.2.0
b6e64000-b6e72000 r-xp 00000000 08:01 14683437   /usr/lib/i386-linux-gnu/libXi.so.6.1.0
b6e72000-b6e73000 r--p 0000e000 08:01 14683437   /usr/lib/i386-linux-gnu/libXi.so.6.1.0
b6e73000-b6e74000 rw-p 0000f000 08:01 14683437   /usr/lib/i386-linux-gnu/libXi.so.6.1.0
b6e74000-b6e7d000 r-xp 00000000 08:01 14683439   /usr/lib/i386-linux-gnu/libXrender.so.1.3.0
b6e7d000-b6e7e000 r--p 00008000 08:01 14683439   /usr/lib/i386-linux-gnu/libXrender.so.1.3.0
b6e7e000-b6e7f000 rw-p 00009000 08:01 14683439   /usr/lib/i386-linux-gnu/libXrender.so.1.3.0
b6e7f000-b6eb8000 r-xp 00000000 08:01 14680413   /usr/lib/i386-linux-gnu/libfontconfig.so.1.8.0
b6eb8000-b6eb9000 r--p 00039000 08:01 14680413   /usr/lib/i386-linux-gnu/libfontconfig.so.1.8.0
b6eb9000-b6eba000 rw-p 0003a000 08:01 14680413   /usr/lib/i386-linux-gnu/libfontconfig.so.1.8.0
b6eba000-b7037000 r-xp 00000000 08:01 14680599   /usr/lib/i386-linux-gnu/libgio-2.0.so.0.4002.0
b7037000-b7039000 r--p 0017d000 08:01 14680599   /usr/lib/i386-linux-gnu/libgio-2.0.so.0.4002.0
b7039000-b703a000 rw-p 0017f000 08:01 14680599   /usr/lib/i386-linux-gnu/libgio-2.0.so.0.4002.0
b703a000-b703b000 rw-p 00000000 00:00 0 
b703b000-b705c000 r-xp 00000000 08:01 14680603   /usr/lib/i386-linux-gnu/libgdk_pixbuf-2.0.so.0.3000.7
b705c000-b705d000 r--p 00021000 08:01 14680603   /usr/lib/i386-linux-gnu/libgdk_pixbuf-2.0.so.0.3000.7
b705d000-b705e000 rw-p 00022000 08:01 14680603   /usr/lib/i386-linux-gnu/libgdk_pixbuf-2.0.so.0.3000.7
b705e000-b70a8000 r-xp 00000000 08:01 14680791   /usr/lib/i386-linux-gnu/libpango-1.0.so.0.3600.3
b70a8000-b70a9000 ---p 0004a000 08:01 14680791   /usr/lib/i386-linux-gnu/libpango-1.0.so.0.3600.3
b70a9000-b70aa000 r--p 0004a000 08:01 14680791   /usr/lib/i386-linux-gnu/libpango-1.0.so.0.3600.3
b70aa000-b70ab000 rw-p 0004b000 08:01 14680791   /usr/lib/i386-linux-gnu/libpango-1.0.so.0.3600.3
b70ab000-b70b6000 r-xp 00000000 08:01 14680781   /usr/lib/i386-linux-gnu/libpangocairo-1.0.so.0.3600.3
b70b6000-b70b7000 r--p 0000a000 08:01 14680781   /usr/lib/i386-linux-gnu/libpangocairo-1.0.so.0.3600.3
b70b7000-b70b8000 rw-p 0000b000 08:01 14680781   /usr/lib/i386-linux-gnu/libpangocairo-1.0.so.0.3600.3
b70b8000-b7164000 r-xp 00000000 08:01 14684051   /usr/lib/i386-linux-gnu/libgdk-x11-2.0.so.0.2400.23
b7164000-b7166000 r--p 000ab000 08:01 14684051   /usr/lib/i386-linux-gnu/libgdk-x11-2.0.so.0.2400.23
b7166000-b7167000 rw-p 000ad000 08:01 14684051   /usr/lib/i386-linux-gnu/libgdk-x11-2.0.so.0.2400.23
b7167000-b71a3000 r-xp 00000000 08:01 1050834    /lib/i386-linux-gnu/libpcre.so.3.13.1
b71a3000-b71a4000 r--p 0003b000 08:01 1050834    /lib/i386-linux-gnu/libpcre.so.3.13.1
b71a4000-b71a5000 rw-p 0003c000 08:01 1050834    /lib/i386-linux-gnu/libpcre.so.3.13.1
b71a5000-b72af000 r-xp 00000000 08:01 1050898    /lib/i386-linux-gnu/libglib-2.0.so.0.4002.0
b72af000-b72b0000 r--p 00109000 08:01 1050898    /lib/i386-linux-gnu/libglib-2.0.so.0.4002.0
b72b0000-b72b1000 rw-p 0010a000 08:01 1050898    /lib/i386-linux-gnu/libglib-2.0.so.0.4002.0
b72b1000-b7301000 r-xp 00000000 08:01 14680539   /usr/lib/i386-linux-gnu/libgobject-2.0.so.0.4002.0
b7301000-b7302000 r--p 0004f000 08:01 14680539   /usr/lib/i386-linux-gnu/libgobject-2.0.so.0.4002.0
b7302000-b7303000 rw-p 00050000 08:01 14680539   /usr/lib/i386-linux-gnu/libgobject-2.0.so.0.4002.0
b7303000-b730a000 rw-p 00000000 00:00 0 
b730a000-b7318000 r-xp 00000000 08:01 14814162   /usr/lib/jvm/java-7-openjdk-i386/jre/lib/i386/libverify.so
b7318000-b7319000 r--p 0000d000 08:01 14814162   /usr/lib/jvm/java-7-openjdk-i386/jre/lib/i386/libverify.so
b7319000-b731a000 rw-p 0000e000 08:01 14814162   /usr/lib/jvm/java-7-openjdk-i386/jre/lib/i386/libverify.so
b731a000-b731d000 r-xp 00000000 08:01 14814198   /usr/lib/i386-linux-gnu/gdk-pixbuf-2.0/2.10.0/loaders/libpixbufloader-bmp.so
b731d000-b731e000 r--p 00002000 08:01 14814198   /usr/lib/i386-linux-gnu/gdk-pixbuf-2.0/2.10.0/loaders/libpixbufloader-bmp.so
b731e000-b731f000 rw-p 00003000 08:01 14814198   /usr/lib/i386-linux-gnu/gdk-pixbuf-2.0/2.10.0/loaders/libpixbufloader-bmp.so
b731f000-b7320000 r--s 00000000 08:01 7603009    /home/anand/.local/share/mime/mime.cache
b7320000-b7321000 ---p 00000000 00:00 0 
b7321000-b7521000 r--p 00000000 08:01 14689035   /usr/lib/locale/locale-archive
b7521000-b7522000 rw-p 00000000 00:00 0 
b7522000-b76ca000 r-xp 00000000 08:01 1050795    /lib/i386-linux-gnu/libc-2.19.so
b76ca000-b76cc000 r--p 001a8000 08:01 1050795    /lib/i386-linux-gnu/libc-2.19.so
b76cc000-b76cd000 rw-p 001aa000 08:01 1050795    /lib/i386-linux-gnu/libc-2.19.so
b76cd000-b76d1000 rw-p 00000000 00:00 0 
b76d1000-b76d4000 r-xp 00000000 08:01 1050797    /lib/i386-linux-gnu/libdl-2.19.so
b76d4000-b76d5000 r--p 00002000 08:01 1050797    /lib/i386-linux-gnu/libdl-2.19.so
b76d5000-b76d6000 rw-p 00003000 08:01 1050797    /lib/i386-linux-gnu/libdl-2.19.so
b76d6000-b76ee000 r-xp 00000000 08:01 1050853    /lib/i386-linux-gnu/libpthread-2.19.so
b76ee000-b76ef000 r--p 00018000 08:01 1050853    /lib/i386-linux-gnu/libpthread-2.19.so
b76ef000-b76f0000 rw-p 00019000 08:01 1050853    /lib/i386-linux-gnu/libpthread-2.19.so
b76f0000-b76f2000 rw-p 00000000 00:00 0 
b76f2000-b76f4000 r-xp 00000000 08:01 14685360   /usr/lib/i386-linux-gnu/libXcomposite.so.1.0.0
b76f4000-b76f5000 r--p 00001000 08:01 14685360   /usr/lib/i386-linux-gnu/libXcomposite.so.1.0.0
b76f5000-b76f6000 rw-p 00002000 08:01 14685360   /usr/lib/i386-linux-gnu/libXcomposite.so.1.0.0
b76f6000-b76f8000 r-xp 00000000 08:01 14685378   /usr/lib/i386-linux-gnu/libXinerama.so.1.0.0
b76f8000-b76f9000 r--p 00001000 08:01 14685378   /usr/lib/i386-linux-gnu/libXinerama.so.1.0.0
b76f9000-b76fa000 rw-p 00002000 08:01 14685378   /usr/lib/i386-linux-gnu/libXinerama.so.1.0.0
b76fa000-b76ff000 r-xp 00000000 08:01 14687710   /usr/lib/i386-linux-gnu/libffi.so.6.0.1
b76ff000-b7700000 r--p 00005000 08:01 14687710   /usr/lib/i386-linux-gnu/libffi.so.6.0.1
b7700000-b7701000 rw-p 00006000 08:01 14687710   /usr/lib/i386-linux-gnu/libffi.so.6.0.1
b7701000-b770d000 r-xp 00000000 08:01 3278489    /usr/lib/eclipse/plugins/org.eclipse.equinox.launcher.gtk.linux.x86_1.1.200.dist/eclipse_1503.so
b770d000-b770e000 r--p 0000b000 08:01 3278489    /usr/lib/eclipse/plugins/org.eclipse.equinox.launcher.gtk.linux.x86_1.1.200.dist/eclipse_1503.so
b770e000-b770f000 rw-p 0000c000 08:01 3278489    /usr/lib/eclipse/plugins/org.eclipse.equinox.launcher.gtk.linux.x86_1.1.200.dist/eclipse_1503.so
b770f000-b7710000 r--p 002c0000 08:01 14689035   /usr/lib/locale/locale-archive
b7710000-b7712000 rw-p 00000000 00:00 0 
b7712000-b7713000 r-xp 00000000 00:00 0          [vdso]
b7713000-b7733000 r-xp 00000000 08:01 1050799    /lib/i386-linux-gnu/ld-2.19.so
b7733000-b7734000 r--p 0001f000 08:01 1050799    /lib/i386-linux-gnu/ld-2.19.so
b7734000-b7735000 rw-p 00020000 08:01 1050799    /lib/i386-linux-gnu/ld-2.19.so
bfd43000-bfd44000 rwxp 00000000 00:00 0 
bfd47000-bfd4a000 ---p 00000000 00:00 0 
bfd4b000-bfd95000 rwxp 00000000 00:00 0          [stack]
bfd95000-bfd97000 rw-p 00000000 00:00 0 

VM Arguments:
jvm_args: -Xms40m -Xmx384m -Dorg.eclipse.equinox.p2.reconciler.dropins.directory=/usr/share/eclipse/dropins -XX:MaxPermSize=256m 
java_command: <unknown>
Launcher Type: generic

Environment Variables:
PATH=/home/anand/google-cloud-sdk/bin:/usr/local/sbin:/usr/local/bin:/usr/sbin:/usr/bin:/sbin:/bin:/usr/games:/usr/local/games
USERNAME=anand
LD_LIBRARY_PATH=/usr/lib/jvm/java-7-openjdk-i386/jre/lib/i386/client:/usr/lib/jvm/java-7-openjdk-i386/jre/lib/i386:
SHELL=/bin/bash
DISPLAY=:0

Signal Handlers:
SIGSEGV: [libjvm.so+0x4eb9d0], sa_mask[0]=0x7ffbfeff, sa_flags=0x10000004
SIGBUS: [libjvm.so+0x4eb9d0], sa_mask[0]=0x7ffbfeff, sa_flags=0x00000004
SIGFPE: SIG_IGN, sa_mask[0]=0x7ffbfeff, sa_flags=0x00000004
SIGPIPE: SIG_IGN, sa_mask[0]=0x00001000, sa_flags=0x10000000
SIGXFSZ: [liblvrt.so.15.0+0x2a2230], sa_mask[0]=0x7ffbfeff, sa_flags=0x00000004
SIGILL: [liblvrt.so.15.0+0x2a2230], sa_mask[0]=0x7ffbfeff, sa_flags=0x00000004
SIGUSR1: SIG_DFL, sa_mask[0]=0x00000000, sa_flags=0x00000000
SIGUSR2: [libjvm.so+0x3c80a0], sa_mask[0]=0x00000000, sa_flags=0x10000004
SIGHUP: [libjvm.so+0x3c82d0], sa_mask[0]=0x7ffbfeff, sa_flags=0x10000004
SIGINT: [libjvm.so+0x3c82d0], sa_mask[0]=0x7ffbfeff, sa_flags=0x10000004
SIGTERM: [libjvm.so+0x3c82d0], sa_mask[0]=0x7ffbfeff, sa_flags=0x10000004
SIGQUIT: [libjvm.so+0x3c82d0], sa_mask[0]=0x7ffbfeff, sa_flags=0x10000004
SIGTRAP: SIG_DFL, sa_mask[0]=0x00000000, sa_flags=0x00000000


---------------  S Y S T E M  ---------------

OS:LinuxMint 17 (qiana)
uname:Linux 3.13.0-24-generic #47-Ubuntu SMP Fri May 2 23:31:42 UTC 2014 i686
libc:glibc 2.19 NPTL 2.19 
rlimit: STACK 8192k, CORE 0k, NPROC 15829, NOFILE 4096, AS infinity
load average:1.38 1.24 1.42

/proc/meminfo:
MemTotal:        2054612 kB
MemFree:          141864 kB
Buffers:           56076 kB
Cached:           781956 kB
SwapCached:        15928 kB
Active:           857600 kB
Inactive:         893064 kB
Active(anon):     498748 kB
Inactive(anon):   530800 kB
Active(file):     358852 kB
Inactive(file):   362264 kB
Unevictable:           0 kB
Mlocked:               0 kB
HighTotal:       1173948 kB
HighFree:          25444 kB
LowTotal:         880664 kB
LowFree:          116420 kB
SwapTotal:       3113188 kB
SwapFree:        2893920 kB
Dirty:              2676 kB
Writeback:             0 kB
AnonPages:        900120 kB
Mapped:           186264 kB
Shmem:            116740 kB
Slab:              61376 kB
SReclaimable:      41336 kB
SUnreclaim:        20040 kB
KernelStack:        4672 kB
PageTables:        14208 kB
NFS_Unstable:          0 kB
Bounce:                0 kB
WritebackTmp:          0 kB
CommitLimit:     4140492 kB
Committed_AS:    5085956 kB
VmallocTotal:     122880 kB
VmallocUsed:       16344 kB
VmallocChunk:     103440 kB
HardwareCorrupted:     0 kB
AnonHugePages:    104448 kB
HugePages_Total:       0
HugePages_Free:        0
HugePages_Rsvd:        0
HugePages_Surp:        0
Hugepagesize:       2048 kB
DirectMap4k:       30712 kB
DirectMap2M:      882688 kB


CPU:total 2 (2 cores per cpu, 1 threads per core) family 6 model 15 stepping 13, cmov, cx8, fxsr, mmx, sse, sse2, sse3, ssse3, tsc

/proc/cpuinfo:
processor	: 0
vendor_id	: GenuineIntel
cpu family	: 6
model		: 15
model name	: Intel(R) Core(TM)2 Duo CPU     T7250  @ 2.00GHz
stepping	: 13
microcode	: 0xa3
cpu MHz		: 2001.000
cache size	: 2048 KB
physical id	: 0
siblings	: 2
core id		: 0
cpu cores	: 2
apicid		: 0
initial apicid	: 0
fdiv_bug	: no
f00f_bug	: no
coma_bug	: no
fpu		: yes
fpu_exception	: yes
cpuid level	: 10
wp		: yes
flags		: fpu vme de pse tsc msr pae mce cx8 apic sep mtrr pge mca cmov pat pse36 clflush dts acpi mmx fxsr sse sse2 ss ht tm pbe nx lm constant_tsc arch_perfmon pebs bts aperfmperf pni dtes64 monitor ds_cpl vmx est tm2 ssse3 cx16 xtpr pdcm lahf_lm ida dtherm tpr_shadow vnmi flexpriority
bogomips	: 3989.93
clflush size	: 64
cache_alignment	: 64
address sizes	: 36 bits physical, 48 bits virtual
power management:

processor	: 1
vendor_id	: GenuineIntel
cpu family	: 6
model		: 15
model name	: Intel(R) Core(TM)2 Duo CPU     T7250  @ 2.00GHz
stepping	: 13
microcode	: 0xa3
cpu MHz		: 2001.000
cache size	: 2048 KB
physical id	: 0
siblings	: 2
core id		: 1
cpu cores	: 2
apicid		: 1
initial apicid	: 1
fdiv_bug	: no
f00f_bug	: no
coma_bug	: no
fpu		: yes
fpu_exception	: yes
cpuid level	: 10
wp		: yes
flags		: fpu vme de pse tsc msr pae mce cx8 apic sep mtrr pge mca cmov pat pse36 clflush dts acpi mmx fxsr sse sse2 ss ht tm pbe nx lm constant_tsc arch_perfmon pebs bts aperfmperf pni dtes64 monitor ds_cpl vmx est tm2 ssse3 cx16 xtpr pdcm lahf_lm ida dtherm tpr_shadow vnmi flexpriority
bogomips	: 3989.93
clflush size	: 64
cache_alignment	: 64
address sizes	: 36 bits physical, 48 bits virtual
power management:



Memory: 4k page, physical 2054612k(141864k free), swap 3113188k(2893920k free)

vm_info: OpenJDK Client VM (24.95-b01) for linux-x86 JRE (1.7.0_95-b00), built on Jan 21 2016 03:40:45 by "buildd" with gcc 4.8.4

time: Thu Feb 18 11:08:32 2016
elapsed time: 16 seconds

